#
# A fatal error has been detected by the Java Runtime Environment:
#
#  EXCEPTION_ACCESS_VIOLATION (0xc0000005) at pc=0x00007ff83142a28e, pid=8600, tid=18800
#
# JRE version: OpenJDK Runtime Environment Temurin-17.0.5+8 (17.0.5+8) (build 17.0.5+8)
# Java VM: OpenJDK 64-Bit Server VM Temurin-17.0.5+8 (17.0.5+8, mixed mode, tiered, compressed oops, compressed class ptrs, g1 gc, windows-amd64)
# Problematic frame:
# V  [jvm.dll+0x1fa28e]
#
# No core dump will be written. Minidumps are not enabled by default on client versions of Windows
#
# If you would like to submit a bug report, please visit:
#   https://github.com/adoptium/adoptium-support/issues
#

---------------  S U M M A R Y ------------

Command Line: -Dosgi.requiredJavaVersion=17 -Dosgi.instance.area.default=@user.home/eclipse-workspace -Dosgi.dataAreaRequiresExplicitInit=true -Dorg.eclipse.swt.graphics.Resource.reportNonDisposed=true -Xms256m -Xmx2048m -XX:+UseG1GC -XX:+UseStringDeduplication --add-modules=ALL-SYSTEM Eclipse

Host: Intel(R) Core(TM) i5-4440S CPU @ 2.80GHz, 4 cores, 7G,  Windows 10 , 64 bit Build 19041 (10.0.19041.2251)
Time: Mon Apr 24 11:11:13 2023 India Standard Time elapsed time: 2320.131859 seconds (0d 0h 38m 40s)

---------------  T H R E A D  ---------------

Current thread (0x0000018f7858ccb0):  JavaThread "C2 CompilerThread0" daemon [_thread_in_native, id=18800, stack(0x000000187b500000,0x000000187b600000)]


Current CompileTask:
C2:2320131 20974       4       org.eclipse.swt.graphics.ImageData::blit (2512 bytes)

Stack: [0x000000187b500000,0x000000187b600000],  sp=0x000000187b5fbbf0,  free space=1006k
Native frames: (J=compiled Java code, j=interpreted, Vv=VM code, C=native code)
V  [jvm.dll+0x1fa28e]
V  [jvm.dll+0x1fa496]
V  [jvm.dll+0x1bb078]
V  [jvm.dll+0x217ca9]
V  [jvm.dll+0x216f71]
V  [jvm.dll+0x1a343d]
V  [jvm.dll+0x22698a]
V  [jvm.dll+0x224ac5]
V  [jvm.dll+0x7e727b]
V  [jvm.dll+0x7e17ea]
V  [jvm.dll+0x6759e5]
C  [ucrtbase.dll+0x21bb2]
C  [KERNEL32.DLL+0x174b4]
C  [ntdll.dll+0x526a1]


siginfo: EXCEPTION_ACCESS_VIOLATION (0xc0000005), reading address 0x0000019105a6c840


Register to memory mapping:

RIP=0x00007ff83142a28e jvm.dll
RAX=0x0000000031873e20 is an unknown value
RBX=0x000000187b5fbd60 is pointing into the stack for thread: 0x0000018f7858ccb0
RCX=0x00007ff831b43a78 jvm.dll
RDX=0x0000000000000007 is an unknown value
RSP=0x000000187b5fbbf0 is pointing into the stack for thread: 0x0000018f7858ccb0
RBP=0x0000018f0fdf3ac0 points into unknown readable memory: 0x00007ff831b481f0 | f0 81 b4 31 f8 7f 00 00
RSI=0x000000187b5fc1a0 is pointing into the stack for thread: 0x0000018f7858ccb0
RDI=0x0000018f0fdf37f0 points into unknown readable memory: 0x00007ff831b481f0 | f0 81 b4 31 f8 7f 00 00
R8 =0x0000000000000007 is an unknown value
R9 =0x0000000000000010 is an unknown value
R10=0x0000018f796cd740 points into unknown readable memory: 0x0000018f0fe0e020 | 20 e0 e0 0f 8f 01 00 00
R11=0x0000018f1e31a358 points into unknown readable memory: 0x0000000000000000 | 00 00 00 00 00 00 00 00
R12=0x00000000000003d8 is an unknown value
R13=0x000000187b5fbd60 is pointing into the stack for thread: 0x0000018f7858ccb0
R14=0x0000000000000001 is an unknown value
R15=0x0 is NULL


Registers:
RAX=0x0000000031873e20, RBX=0x000000187b5fbd60, RCX=0x00007ff831b43a78, RDX=0x0000000000000007
RSP=0x000000187b5fbbf0, RBP=0x0000018f0fdf3ac0, RSI=0x000000187b5fc1a0, RDI=0x0000018f0fdf37f0
R8 =0x0000000000000007, R9 =0x0000000000000010, R10=0x0000018f796cd740, R11=0x0000018f1e31a358
R12=0x00000000000003d8, R13=0x000000187b5fbd60, R14=0x0000000000000001, R15=0x0000000000000000
RIP=0x00007ff83142a28e, EFLAGS=0x0000000000010202

Top of Stack: (sp=0x000000187b5fbbf0)
0x000000187b5fbbf0:   0000018f000001bc 0000000000000008
0x000000187b5fbc00:   00000000000003d8 0000018f1c08e3f8
0x000000187b5fbc10:   0000018f7c513130 0000018f76025fa0
0x000000187b5fbc20:   00000000000000c1 00007ff83142a496
0x000000187b5fbc30:   0000018f7c513120 000000187b5fbd60
0x000000187b5fbc40:   000000187b5fbd60 000000187b5fc1a0
0x000000187b5fbc50:   0000018f7c513508 00007ff8313eb078
0x000000187b5fbc60:   000000187b5fc0c0 000000187b5fc1a0
0x000000187b5fbc70:   0000018f7c513130 0000018f7c513120
0x000000187b5fbc80:   0000000000000000 0000000000000000
0x000000187b5fbc90:   0000000000000006 0000018f7c513120
0x000000187b5fbca0:   0000018f14299600 0000018f1429a2d0
0x000000187b5fbcb0:   0000018f142a15e8 00000000000cb670
0x000000187b5fbcc0:   0000018f78570000 0000000000000000
0x000000187b5fbcd0:   0000000000007fe8 00007ff86fe7fd00
0x000000187b5fbce0:   000000187b5fbd90 00007ff831b5c910 

Instructions: (pc=0x00007ff83142a28e)
0x00007ff83142a18e:   24 30 48 8b c7 48 83 c4 20 5f c3 cc cc cc cc cc
0x00007ff83142a19e:   cc cc 48 89 5c 24 08 48 89 6c 24 10 48 89 74 24
0x00007ff83142a1ae:   18 57 48 83 ec 20 8b 79 28 48 8b ea ff cf 48 8b
0x00007ff83142a1be:   d9 3b 79 18 73 0a 48 8b 41 20 48 8b 34 f8 eb 02
0x00007ff83142a1ce:   33 f6 48 8b 06 48 8b ce ff 50 20 48 3b c6 74 03
0x00007ff83142a1de:   2b 7b 48 4c 8b c5 48 8d 4b 10 8b d7 e8 61 a2 45
0x00007ff83142a1ee:   00 ff 43 28 48 8b 5c 24 30 48 8b 6c 24 38 48 8b
0x00007ff83142a1fe:   74 24 40 48 83 c4 20 5f c3 cc cc cc cc cc cc cc
0x00007ff83142a20e:   cc cc 48 89 5c 24 10 48 89 6c 24 18 48 89 74 24
0x00007ff83142a21e:   20 57 41 55 41 56 48 83 ec 20 4c 89 7c 24 40 48
0x00007ff83142a22e:   8b ea 45 33 ff 4c 8b e9 45 8d 77 01 44 39 7a 48
0x00007ff83142a23e:   0f 86 a5 00 00 00 0f 1f 40 00 0f 1f 84 00 00 00
0x00007ff83142a24e:   00 00 48 8b 45 40 41 8b d6 4a 8b 3c f8 49 8b 45
0x00007ff83142a25e:   18 44 8b 4f 18 48 8b 48 48 4c 8b 51 78 0f 1f 44
0x00007ff83142a26e:   00 00 45 85 c9 74 09 48 8b 47 20 48 8b 00 eb 02
0x00007ff83142a27e:   33 c0 48 8b 40 08 44 8b c2 4a 8b 0c c0 8b 41 28
0x00007ff83142a28e:   49 39 2c c2 74 04 ff c2 eb d8 41 8b de 39 5f 28
0x00007ff83142a29e:   76 3c 4a 8d 34 c5 00 00 00 00 3b 5f 18 73 0c 48
0x00007ff83142a2ae:   8b 57 20 8b c3 48 8b 14 c2 eb 02 33 d2 8b 42 2c
0x00007ff83142a2be:   83 e0 0f 3c 0c 75 17 4c 8b 42 08 49 8b cd 4d 8b
0x00007ff83142a2ce:   04 30 e8 db 01 00 00 ff c3 3b 5f 28 72 cc 41 ff
0x00007ff83142a2de:   c7 44 3b 7d 48 0f 82 67 ff ff ff 8b 75 28 4c 8b
0x00007ff83142a2ee:   7c 24 40 ff ce 3b 75 18 73 0a 48 8b 45 20 48 8b
0x00007ff83142a2fe:   1c f0 eb 02 33 db 48 8b 03 48 8b cb ff 50 20 48
0x00007ff83142a30e:   3b c3 74 03 2b 75 48 41 3b f6 76 52 bf 08 00 00
0x00007ff83142a31e:   00 90 44 3b 75 18 73 0a 48 8b 45 20 48 8b 1c 07
0x00007ff83142a32e:   eb 02 33 db 8b 43 2c 24 03 3c 02 75 25 48 8b 03
0x00007ff83142a33e:   48 8b cb ff 90 f0 00 00 00 85 c0 74 15 4c 8b 43
0x00007ff83142a34e:   08 48 8b d3 8b c0 49 8b cd 4d 8b 04 c0 e8 50 01
0x00007ff83142a35e:   00 00 41 ff c6 48 83 c7 08 44 3b f6 72 b4 48 8b
0x00007ff83142a36e:   5c 24 48 48 8b 6c 24 50 48 8b 74 24 58 48 83 c4
0x00007ff83142a37e:   20 41 5e 41 5d 5f c3 cc cc cc cc cc cc cc cc cc 


Stack slot to memory mapping:
stack at sp + 0 slots: 0x0000018f000001bc points into unknown readable memory: 00 00 00 00
stack at sp + 1 slots: 0x0000000000000008 is an unknown value
stack at sp + 2 slots: 0x00000000000003d8 is an unknown value
stack at sp + 3 slots: 0x0000018f1c08e3f8 points into unknown readable memory: 0x00007ff831af8dd0 | d0 8d af 31 f8 7f 00 00
stack at sp + 4 slots: 0x0000018f7c513130 points into unknown readable memory: 0x0000000800000002 | 02 00 00 00 08 00 00 00
stack at sp + 5 slots: 0x0000018f76025fa0 points into unknown readable memory: 0x0000000000000000 | 00 00 00 00 00 00 00 00
stack at sp + 6 slots: 0x00000000000000c1 is an unknown value
stack at sp + 7 slots: 0x00007ff83142a496 jvm.dll


---------------  P R O C E S S  ---------------

Threads class SMR info:
_java_thread_list=0x0000018f7f7b7300, length=39, elements={
0x0000018f6dcc0090, 0x0000018f78513130, 0x0000018f78518c90, 0x0000018f7854b7d0,
0x0000018f7856f9e0, 0x0000018f785762c0, 0x0000018f7857a080, 0x0000018f7858ccb0,
0x0000018f7858d5b0, 0x0000018f785a02b0, 0x0000018f7871fff0, 0x0000018f7871e7e0,
0x0000018f78720990, 0x0000018f78721cd0, 0x0000018f787204c0, 0x0000018f7871f650,
0x0000018f78721800, 0x0000018f7871f180, 0x0000018f7871fb20, 0x0000018f7ae434f0,
0x0000018f7ae41340, 0x0000018f7ae45b70, 0x0000018f7ae40000, 0x0000018f7ae43e90,
0x0000018f7ae40e70, 0x0000018f7ae44830, 0x0000018f7ae41810, 0x0000018f7ae42680,
0x0000018f7ae46040, 0x0000018f0fa82590, 0x0000018f0fa7ebd0, 0x0000018f0fa838d0,
0x0000018f0fa83da0, 0x0000018f7b173050, 0x0000018f7b179090, 0x0000018f7ae404d0,
0x0000018f0fa820c0, 0x0000018f0fa80d80, 0x0000018f1b494fa0
}

Java Threads: ( => current thread )
  0x0000018f6dcc0090 JavaThread "main" [_thread_in_native, id=6820, stack(0x000000187a400000,0x000000187a500000)]
  0x0000018f78513130 JavaThread "Reference Handler" daemon [_thread_blocked, id=18092, stack(0x000000187af00000,0x000000187b000000)]
  0x0000018f78518c90 JavaThread "Finalizer" daemon [_thread_blocked, id=7064, stack(0x000000187b000000,0x000000187b100000)]
  0x0000018f7854b7d0 JavaThread "Signal Dispatcher" daemon [_thread_blocked, id=19312, stack(0x000000187b100000,0x000000187b200000)]
  0x0000018f7856f9e0 JavaThread "Attach Listener" daemon [_thread_blocked, id=20180, stack(0x000000187b200000,0x000000187b300000)]
  0x0000018f785762c0 JavaThread "Service Thread" daemon [_thread_blocked, id=11156, stack(0x000000187b300000,0x000000187b400000)]
  0x0000018f7857a080 JavaThread "Monitor Deflation Thread" daemon [_thread_blocked, id=19668, stack(0x000000187b400000,0x000000187b500000)]
=>0x0000018f7858ccb0 JavaThread "C2 CompilerThread0" daemon [_thread_in_native, id=18800, stack(0x000000187b500000,0x000000187b600000)]
  0x0000018f7858d5b0 JavaThread "C1 CompilerThread0" daemon [_thread_blocked, id=12084, stack(0x000000187b600000,0x000000187b700000)]
  0x0000018f785a02b0 JavaThread "Sweeper thread" daemon [_thread_blocked, id=19872, stack(0x000000187b700000,0x000000187b800000)]
  0x0000018f7871fff0 JavaThread "Common-Cleaner" daemon [_thread_blocked, id=18232, stack(0x000000187b800000,0x000000187b900000)]
  0x0000018f7871e7e0 JavaThread "Notification Thread" daemon [_thread_blocked, id=15284, stack(0x000000187b900000,0x000000187ba00000)]
  0x0000018f78720990 JavaThread "Active Thread: Equinox Container: 205f0974-c2cb-496a-a2b2-7e918e33f1d7" [_thread_blocked, id=17784, stack(0x000000187c100000,0x000000187c200000)]
  0x0000018f78721cd0 JavaThread "Framework Event Dispatcher: Equinox Container: 205f0974-c2cb-496a-a2b2-7e918e33f1d7" daemon [_thread_blocked, id=13316, stack(0x000000187c200000,0x000000187c300000)]
  0x0000018f787204c0 JavaThread "Start Level: Equinox Container: 205f0974-c2cb-496a-a2b2-7e918e33f1d7" daemon [_thread_blocked, id=13352, stack(0x000000187c300000,0x000000187c400000)]
  0x0000018f7871f650 JavaThread "SCR Component Actor" daemon [_thread_blocked, id=18956, stack(0x000000187c400000,0x000000187c500000)]
  0x0000018f78721800 JavaThread "EMF Reference Cleaner" daemon [_thread_blocked, id=11420, stack(0x000000187c600000,0x000000187c700000)]
  0x0000018f7871f180 JavaThread "Worker-JM" [_thread_blocked, id=10508, stack(0x000000187c800000,0x000000187c900000)]
  0x0000018f7871fb20 JavaThread "Gogo shell" [_thread_blocked, id=5896, stack(0x000000187c900000,0x000000187ca00000)]
  0x0000018f7ae434f0 JavaThread "Bundle File Closer" daemon [_thread_blocked, id=4692, stack(0x000000187d000000,0x000000187d100000)]
  0x0000018f7ae41340 JavaThread "BC Entropy Daemon" daemon [_thread_blocked, id=16700, stack(0x000000187d100000,0x000000187d200000)]
  0x0000018f7ae45b70 JavaThread "Git Repository Closer" daemon [_thread_blocked, id=8032, stack(0x000000187d200000,0x000000187d300000)]
  0x0000018f7ae40000 JavaThread "Java indexing" daemon [_thread_blocked, id=20228, stack(0x000000187c700000,0x000000187c800000)]
  0x0000018f7ae43e90 JavaThread "JNA Cleaner" daemon [_thread_blocked, id=15428, stack(0x000000187d300000,0x000000187d400000)]
  0x0000018f7ae40e70 JavaThread "org.eclipse.jdt.internal.ui.text.JavaReconciler" daemon [_thread_blocked, id=17712, stack(0x000000187d500000,0x000000187d600000)]
  0x0000018f7ae44830 JavaThread "EventAdmin Async Event Dispatcher Thread" daemon [_thread_blocked, id=15556, stack(0x000000187d600000,0x000000187d700000)]
  0x0000018f7ae41810 JavaThread "pool-2-thread-1" [_thread_blocked, id=15936, stack(0x000000187d900000,0x000000187da00000)]
  0x0000018f7ae42680 JavaThread "pool-3-thread-1" [_thread_blocked, id=9292, stack(0x000000187da00000,0x000000187db00000)]
  0x0000018f7ae46040 JavaThread "org.eclipse.jdt.internal.ui.text.JavaReconciler" daemon [_thread_blocked, id=4160, stack(0x000000187a600000,0x000000187a700000)]
  0x0000018f0fa82590 JavaThread "pool-4-thread-1" [_thread_blocked, id=12884, stack(0x000000187cf00000,0x000000187d000000)]
  0x0000018f0fa7ebd0 JavaThread "Provisioning Event Dispatcher" daemon [_thread_blocked, id=19016, stack(0x000000187e700000,0x000000187e800000)]
  0x0000018f0fa838d0 JavaThread "Thread-18" [_thread_blocked, id=6652, stack(0x000000187e800000,0x000000187e900000)]
  0x0000018f0fa83da0 JavaThread "Worker-12" [_thread_blocked, id=9076, stack(0x000000187a500000,0x000000187a600000)]
  0x0000018f7b173050 JavaThread "Worker-17" [_thread_blocked, id=4896, stack(0x000000187cb00000,0x000000187cc00000)]
  0x0000018f7b179090 JavaThread "org.eclipse.jdt.internal.ui.text.JavaReconciler" daemon [_thread_blocked, id=7276, stack(0x000000187c500000,0x000000187c600000)]
  0x0000018f7ae404d0 JavaThread "org.eclipse.jdt.internal.ui.text.JavaReconciler" daemon [_thread_blocked, id=10288, stack(0x000000187de00000,0x000000187df00000)]
  0x0000018f0fa820c0 JavaThread "Worker-19" [_thread_blocked, id=7460, stack(0x000000187bb00000,0x000000187bc00000)]
  0x0000018f0fa80d80 JavaThread "ForkJoinPool.commonPool-worker-11" daemon [_thread_blocked, id=20360, stack(0x000000187a700000,0x000000187a800000)]
  0x0000018f1b494fa0 JavaThread "C2 CompilerThread1" daemon [_thread_blocked, id=9260, stack(0x000000187d400000,0x000000187d500000)]

Other Threads:
  0x0000018f7850a700 VMThread "VM Thread" [stack: 0x000000187ae00000,0x000000187af00000] [id=14932]
  0x0000018f75f6fc90 WatcherThread [stack: 0x000000187ba00000,0x000000187bb00000] [id=6604]
  0x0000018f6dcf7bb0 GCTaskThread "GC Thread#0" [stack: 0x000000187a800000,0x000000187a900000] [id=15696]
  0x0000018f79bfe9e0 GCTaskThread "GC Thread#1" [stack: 0x000000187bc00000,0x000000187bd00000] [id=18228]
  0x0000018f79bfec90 GCTaskThread "GC Thread#2" [stack: 0x000000187bd00000,0x000000187be00000] [id=16576]
  0x0000018f79a60440 GCTaskThread "GC Thread#3" [stack: 0x000000187be00000,0x000000187bf00000] [id=4992]
  0x0000018f75f21810 ConcurrentGCThread "G1 Main Marker" [stack: 0x000000187a900000,0x000000187aa00000] [id=260]
  0x0000018f6dd0a270 ConcurrentGCThread "G1 Conc#0" [stack: 0x000000187aa00000,0x000000187ab00000] [id=2224]
  0x0000018f76026280 ConcurrentGCThread "G1 Refine#0" [stack: 0x000000187ab00000,0x000000187ac00000] [id=17824]
  0x0000018f7a792180 ConcurrentGCThread "G1 Refine#1" [stack: 0x000000187bf00000,0x000000187c000000] [id=18300]
  0x0000018f79bd90a0 ConcurrentGCThread "G1 Refine#2" [stack: 0x000000187c000000,0x000000187c100000] [id=18960]
  0x0000018f76026ba0 ConcurrentGCThread "G1 Service" [stack: 0x000000187ac00000,0x000000187ad00000] [id=16908]
  0x0000018f78508a20 ConcurrentGCThread "StringDedupProcessor" [stack: 0x000000187ad00000,0x000000187ae00000] [id=17596]

Threads with active compile tasks:
C2 CompilerThread0  2320358 20974       4       org.eclipse.swt.graphics.ImageData::blit (2512 bytes)

VM state: not at safepoint (normal execution)

VM Mutex/Monitor currently owned by a thread: None

Heap address: 0x0000000080000000, size: 2048 MB, Compressed Oops mode: 32-bit

CDS archive(s) not mapped
Compressed class space mapped at: 0x0000000100000000-0x0000000140000000, reserved size: 1073741824
Narrow klass base: 0x0000000000000000, Narrow klass shift: 3, Narrow klass range: 0x140000000

GC Precious Log:
 CPUs: 4 total, 4 available
 Memory: 8092M
 Large Page Support: Disabled
 NUMA Support: Disabled
 Compressed Oops: Enabled (32-bit)
 Heap Region Size: 1M
 Heap Min Capacity: 256M
 Heap Initial Capacity: 256M
 Heap Max Capacity: 2G
 Pre-touch: Disabled
 Parallel Workers: 4
 Concurrent Workers: 1
 Concurrent Refinement Workers: 4
 Periodic GC: Disabled
 String Deduplication is enabled

Heap:
 garbage-first heap   total 262144K, used 192752K [0x0000000080000000, 0x0000000100000000)
  region size 1024K, 74 young (75776K), 7 survivors (7168K)
 Metaspace       used 130241K, committed 132928K, reserved 1171456K
  class space    used 14910K, committed 16064K, reserved 1048576K

Heap Regions: E=young(eden), S=young(survivor), O=old, HS=humongous(starts), HC=humongous(continues), CS=collection set, F=free, OA=open archive, CA=closed archive, TAMS=top-at-mark-start (previous, next)
|   0|0x0000000080000000, 0x0000000080100000, 0x0000000080100000|100%| O|  |TAMS 0x0000000080100000, 0x0000000080000000| Untracked 
|   1|0x0000000080100000, 0x0000000080200000, 0x0000000080200000|100%| O|  |TAMS 0x0000000080200000, 0x0000000080100000| Untracked 
|   2|0x0000000080200000, 0x0000000080300000, 0x0000000080300000|100%| O|  |TAMS 0x0000000080200000, 0x0000000080200000| Untracked 
|   3|0x0000000080300000, 0x0000000080400000, 0x0000000080400000|100%| O|  |TAMS 0x0000000080400000, 0x0000000080300000| Untracked 
|   4|0x0000000080400000, 0x0000000080500000, 0x0000000080500000|100%| O|  |TAMS 0x0000000080500000, 0x0000000080400000| Untracked 
|   5|0x0000000080500000, 0x0000000080600000, 0x0000000080600000|100%| O|  |TAMS 0x0000000080600000, 0x0000000080500000| Untracked 
|   6|0x0000000080600000, 0x0000000080700000, 0x0000000080700000|100%| O|  |TAMS 0x0000000080700000, 0x0000000080600000| Untracked 
|   7|0x0000000080700000, 0x0000000080800000, 0x0000000080800000|100%| O|  |TAMS 0x0000000080800000, 0x0000000080700000| Untracked 
|   8|0x0000000080800000, 0x0000000080900000, 0x0000000080900000|100%| O|  |TAMS 0x0000000080900000, 0x0000000080800000| Untracked 
|   9|0x0000000080900000, 0x0000000080a00000, 0x0000000080a00000|100%| O|  |TAMS 0x0000000080a00000, 0x0000000080900000| Untracked 
|  10|0x0000000080a00000, 0x0000000080b00000, 0x0000000080b00000|100%| O|  |TAMS 0x0000000080a00000, 0x0000000080a00000| Untracked 
|  11|0x0000000080b00000, 0x0000000080c00000, 0x0000000080c00000|100%| O|  |TAMS 0x0000000080c00000, 0x0000000080b00000| Untracked 
|  12|0x0000000080c00000, 0x0000000080d00000, 0x0000000080d00000|100%| O|  |TAMS 0x0000000080d00000, 0x0000000080c00000| Untracked 
|  13|0x0000000080d00000, 0x0000000080e00000, 0x0000000080e00000|100%| O|  |TAMS 0x0000000080e00000, 0x0000000080d00000| Untracked 
|  14|0x0000000080e00000, 0x0000000080f00000, 0x0000000080f00000|100%| O|  |TAMS 0x0000000080f00000, 0x0000000080e00000| Untracked 
|  15|0x0000000080f00000, 0x0000000081000000, 0x0000000081000000|100%| O|  |TAMS 0x0000000081000000, 0x0000000080f00000| Untracked 
|  16|0x0000000081000000, 0x0000000081100000, 0x0000000081100000|100%| O|  |TAMS 0x0000000081100000, 0x0000000081000000| Untracked 
|  17|0x0000000081100000, 0x0000000081200000, 0x0000000081200000|100%| O|  |TAMS 0x0000000081200000, 0x0000000081100000| Untracked 
|  18|0x0000000081200000, 0x0000000081300000, 0x0000000081300000|100%| O|  |TAMS 0x0000000081300000, 0x0000000081200000| Untracked 
|  19|0x0000000081300000, 0x0000000081400000, 0x0000000081400000|100%| O|  |TAMS 0x0000000081400000, 0x0000000081300000| Untracked 
|  20|0x0000000081400000, 0x0000000081500000, 0x0000000081500000|100%| O|  |TAMS 0x0000000081500000, 0x0000000081400000| Untracked 
|  21|0x0000000081500000, 0x0000000081600000, 0x0000000081600000|100%| O|  |TAMS 0x00000000815b0e00, 0x0000000081500000| Untracked 
|  22|0x0000000081600000, 0x0000000081700000, 0x0000000081700000|100%|HS|  |TAMS 0x0000000081700000, 0x0000000081600000| Complete 
|  23|0x0000000081700000, 0x0000000081800000, 0x0000000081800000|100%|HS|  |TAMS 0x0000000081800000, 0x0000000081700000| Complete 
|  24|0x0000000081800000, 0x0000000081900000, 0x0000000081900000|100%|HC|  |TAMS 0x0000000081900000, 0x0000000081800000| Complete 
|  25|0x0000000081900000, 0x0000000081a00000, 0x0000000081a00000|100%| O|  |TAMS 0x0000000081900000, 0x0000000081900000| Untracked 
|  26|0x0000000081a00000, 0x0000000081b00000, 0x0000000081b00000|100%| O|  |TAMS 0x0000000081a00000, 0x0000000081a00000| Untracked 
|  27|0x0000000081b00000, 0x0000000081c00000, 0x0000000081c00000|100%| O|  |TAMS 0x0000000081b00000, 0x0000000081b00000| Untracked 
|  28|0x0000000081c00000, 0x0000000081d00000, 0x0000000081d00000|100%| O|  |TAMS 0x0000000081c00000, 0x0000000081c00000| Untracked 
|  29|0x0000000081d00000, 0x0000000081e00000, 0x0000000081e00000|100%| O|  |TAMS 0x0000000081d00000, 0x0000000081d00000| Untracked 
|  30|0x0000000081e00000, 0x0000000081f00000, 0x0000000081f00000|100%| O|  |TAMS 0x0000000081e00000, 0x0000000081e00000| Untracked 
|  31|0x0000000081f00000, 0x0000000082000000, 0x0000000082000000|100%| O|  |TAMS 0x0000000081f00000, 0x0000000081f00000| Untracked 
|  32|0x0000000082000000, 0x0000000082100000, 0x0000000082100000|100%| O|  |TAMS 0x0000000082000000, 0x0000000082000000| Untracked 
|  33|0x0000000082100000, 0x0000000082200000, 0x0000000082200000|100%| O|  |TAMS 0x0000000082100000, 0x0000000082100000| Untracked 
|  34|0x0000000082200000, 0x0000000082300000, 0x0000000082300000|100%| O|  |TAMS 0x0000000082200000, 0x0000000082200000| Untracked 
|  35|0x0000000082300000, 0x0000000082400000, 0x0000000082400000|100%| O|  |TAMS 0x0000000082300000, 0x0000000082300000| Untracked 
|  36|0x0000000082400000, 0x0000000082500000, 0x0000000082500000|100%| O|  |TAMS 0x0000000082400000, 0x0000000082400000| Untracked 
|  37|0x0000000082500000, 0x0000000082600000, 0x0000000082600000|100%| O|  |TAMS 0x0000000082500000, 0x0000000082500000| Untracked 
|  38|0x0000000082600000, 0x0000000082700000, 0x0000000082700000|100%| O|  |TAMS 0x0000000082600000, 0x0000000082600000| Untracked 
|  39|0x0000000082700000, 0x0000000082800000, 0x0000000082800000|100%| O|  |TAMS 0x0000000082700000, 0x0000000082700000| Untracked 
|  40|0x0000000082800000, 0x0000000082900000, 0x0000000082900000|100%| O|  |TAMS 0x0000000082800000, 0x0000000082800000| Untracked 
|  41|0x0000000082900000, 0x0000000082a00000, 0x0000000082a00000|100%| O|  |TAMS 0x0000000082900000, 0x0000000082900000| Untracked 
|  42|0x0000000082a00000, 0x0000000082b00000, 0x0000000082b00000|100%| O|  |TAMS 0x0000000082a00000, 0x0000000082a00000| Untracked 
|  43|0x0000000082b00000, 0x0000000082c00000, 0x0000000082c00000|100%| O|  |TAMS 0x0000000082b00000, 0x0000000082b00000| Untracked 
|  44|0x0000000082c00000, 0x0000000082d00000, 0x0000000082d00000|100%| O|  |TAMS 0x0000000082c00000, 0x0000000082c00000| Untracked 
|  45|0x0000000082d00000, 0x0000000082e00000, 0x0000000082e00000|100%| O|  |TAMS 0x0000000082d00000, 0x0000000082d00000| Untracked 
|  46|0x0000000082e00000, 0x0000000082f00000, 0x0000000082f00000|100%| O|  |TAMS 0x0000000082e00000, 0x0000000082e00000| Untracked 
|  47|0x0000000082f00000, 0x0000000083000000, 0x0000000083000000|100%| O|  |TAMS 0x0000000082f00000, 0x0000000082f00000| Untracked 
|  48|0x0000000083000000, 0x0000000083100000, 0x0000000083100000|100%| O|  |TAMS 0x0000000083000000, 0x0000000083000000| Untracked 
|  49|0x0000000083100000, 0x0000000083200000, 0x0000000083200000|100%| O|  |TAMS 0x0000000083100000, 0x0000000083100000| Untracked 
|  50|0x0000000083200000, 0x0000000083300000, 0x0000000083300000|100%| O|  |TAMS 0x0000000083200000, 0x0000000083200000| Untracked 
|  51|0x0000000083300000, 0x0000000083400000, 0x0000000083400000|100%| O|  |TAMS 0x0000000083300000, 0x0000000083300000| Untracked 
|  52|0x0000000083400000, 0x0000000083500000, 0x0000000083500000|100%| O|  |TAMS 0x0000000083400000, 0x0000000083400000| Untracked 
|  53|0x0000000083500000, 0x0000000083600000, 0x0000000083600000|100%| O|  |TAMS 0x0000000083500000, 0x0000000083500000| Untracked 
|  54|0x0000000083600000, 0x0000000083700000, 0x0000000083700000|100%| O|  |TAMS 0x0000000083600000, 0x0000000083600000| Untracked 
|  55|0x0000000083700000, 0x0000000083800000, 0x0000000083800000|100%| O|  |TAMS 0x0000000083700000, 0x0000000083700000| Untracked 
|  56|0x0000000083800000, 0x0000000083900000, 0x0000000083900000|100%| O|  |TAMS 0x0000000083800000, 0x0000000083800000| Untracked 
|  57|0x0000000083900000, 0x0000000083a00000, 0x0000000083a00000|100%| O|  |TAMS 0x0000000083900000, 0x0000000083900000| Untracked 
|  58|0x0000000083a00000, 0x0000000083b00000, 0x0000000083b00000|100%| O|  |TAMS 0x0000000083a00000, 0x0000000083a00000| Untracked 
|  59|0x0000000083b00000, 0x0000000083c00000, 0x0000000083c00000|100%| O|  |TAMS 0x0000000083b00000, 0x0000000083b00000| Untracked 
|  60|0x0000000083c00000, 0x0000000083d00000, 0x0000000083d00000|100%| O|  |TAMS 0x0000000083c00000, 0x0000000083c00000| Untracked 
|  61|0x0000000083d00000, 0x0000000083e00000, 0x0000000083e00000|100%| O|  |TAMS 0x0000000083d00000, 0x0000000083d00000| Untracked 
|  62|0x0000000083e00000, 0x0000000083f00000, 0x0000000083f00000|100%| O|  |TAMS 0x0000000083e00000, 0x0000000083e00000| Untracked 
|  63|0x0000000083f00000, 0x0000000084000000, 0x0000000084000000|100%| O|  |TAMS 0x0000000083f00000, 0x0000000083f00000| Untracked 
|  64|0x0000000084000000, 0x0000000084100000, 0x0000000084100000|100%| O|  |TAMS 0x0000000084000000, 0x0000000084000000| Untracked 
|  65|0x0000000084100000, 0x0000000084200000, 0x0000000084200000|100%| O|  |TAMS 0x0000000084100000, 0x0000000084100000| Untracked 
|  66|0x0000000084200000, 0x0000000084300000, 0x0000000084300000|100%| O|  |TAMS 0x0000000084200000, 0x0000000084200000| Untracked 
|  67|0x0000000084300000, 0x0000000084400000, 0x0000000084400000|100%| O|  |TAMS 0x0000000084300000, 0x0000000084300000| Untracked 
|  68|0x0000000084400000, 0x0000000084500000, 0x0000000084500000|100%| O|  |TAMS 0x0000000084400000, 0x0000000084400000| Untracked 
|  69|0x0000000084500000, 0x0000000084600000, 0x0000000084600000|100%| O|  |TAMS 0x0000000084500000, 0x0000000084500000| Untracked 
|  70|0x0000000084600000, 0x0000000084700000, 0x0000000084700000|100%| O|  |TAMS 0x0000000084600000, 0x0000000084600000| Untracked 
|  71|0x0000000084700000, 0x0000000084800000, 0x0000000084800000|100%| O|  |TAMS 0x0000000084700000, 0x0000000084700000| Untracked 
|  72|0x0000000084800000, 0x0000000084900000, 0x0000000084900000|100%| O|  |TAMS 0x0000000084800000, 0x0000000084800000| Untracked 
|  73|0x0000000084900000, 0x0000000084a00000, 0x0000000084a00000|100%| O|  |TAMS 0x0000000084900000, 0x0000000084900000| Untracked 
|  74|0x0000000084a00000, 0x0000000084b00000, 0x0000000084b00000|100%| O|  |TAMS 0x0000000084a00000, 0x0000000084a00000| Untracked 
|  75|0x0000000084b00000, 0x0000000084c00000, 0x0000000084c00000|100%|HS|  |TAMS 0x0000000084b00000, 0x0000000084b00000| Complete 
|  76|0x0000000084c00000, 0x0000000084d00000, 0x0000000084d00000|100%|HC|  |TAMS 0x0000000084c00000, 0x0000000084c00000| Complete 
|  77|0x0000000084d00000, 0x0000000084e00000, 0x0000000084e00000|100%| O|  |TAMS 0x0000000084d00000, 0x0000000084d00000| Untracked 
|  78|0x0000000084e00000, 0x0000000084f00000, 0x0000000084f00000|100%| O|  |TAMS 0x0000000084e00000, 0x0000000084e00000| Untracked 
|  79|0x0000000084f00000, 0x0000000085000000, 0x0000000085000000|100%| O|  |TAMS 0x0000000084f00000, 0x0000000084f00000| Untracked 
|  80|0x0000000085000000, 0x0000000085100000, 0x0000000085100000|100%| O|  |TAMS 0x0000000085000000, 0x0000000085000000| Untracked 
|  81|0x0000000085100000, 0x0000000085200000, 0x0000000085200000|100%| O|  |TAMS 0x0000000085100000, 0x0000000085100000| Untracked 
|  82|0x0000000085200000, 0x0000000085300000, 0x0000000085300000|100%| O|  |TAMS 0x0000000085200000, 0x0000000085200000| Untracked 
|  83|0x0000000085300000, 0x0000000085400000, 0x0000000085400000|100%| O|  |TAMS 0x0000000085300000, 0x0000000085300000| Untracked 
|  84|0x0000000085400000, 0x0000000085500000, 0x0000000085500000|100%| O|  |TAMS 0x0000000085400000, 0x0000000085400000| Untracked 
|  85|0x0000000085500000, 0x0000000085600000, 0x0000000085600000|100%| O|  |TAMS 0x0000000085500000, 0x0000000085500000| Untracked 
|  86|0x0000000085600000, 0x0000000085700000, 0x0000000085700000|100%| O|  |TAMS 0x0000000085600000, 0x0000000085600000| Untracked 
|  87|0x0000000085700000, 0x0000000085800000, 0x0000000085800000|100%| O|  |TAMS 0x0000000085700000, 0x0000000085700000| Untracked 
|  88|0x0000000085800000, 0x0000000085900000, 0x0000000085900000|100%| O|  |TAMS 0x0000000085800000, 0x0000000085800000| Untracked 
|  89|0x0000000085900000, 0x0000000085a00000, 0x0000000085a00000|100%| O|  |TAMS 0x0000000085900000, 0x0000000085900000| Untracked 
|  90|0x0000000085a00000, 0x0000000085b00000, 0x0000000085b00000|100%| O|  |TAMS 0x0000000085a00000, 0x0000000085a00000| Untracked 
|  91|0x0000000085b00000, 0x0000000085c00000, 0x0000000085c00000|100%| O|  |TAMS 0x0000000085b00000, 0x0000000085b00000| Untracked 
|  92|0x0000000085c00000, 0x0000000085d00000, 0x0000000085d00000|100%| O|  |TAMS 0x0000000085c00000, 0x0000000085c00000| Untracked 
|  93|0x0000000085d00000, 0x0000000085e00000, 0x0000000085e00000|100%| O|  |TAMS 0x0000000085d00000, 0x0000000085d00000| Untracked 
|  94|0x0000000085e00000, 0x0000000085f00000, 0x0000000085f00000|100%| O|  |TAMS 0x0000000085e00000, 0x0000000085e00000| Untracked 
|  95|0x0000000085f00000, 0x0000000086000000, 0x0000000086000000|100%| O|  |TAMS 0x0000000085f00000, 0x0000000085f00000| Untracked 
|  96|0x0000000086000000, 0x0000000086100000, 0x0000000086100000|100%| O|  |TAMS 0x0000000086000000, 0x0000000086000000| Untracked 
|  97|0x0000000086100000, 0x0000000086200000, 0x0000000086200000|100%|HS|  |TAMS 0x0000000086100000, 0x0000000086100000| Complete 
|  98|0x0000000086200000, 0x0000000086300000, 0x0000000086300000|100%| O|  |TAMS 0x0000000086200000, 0x0000000086200000| Untracked 
|  99|0x0000000086300000, 0x0000000086400000, 0x0000000086400000|100%| O|  |TAMS 0x0000000086300000, 0x0000000086300000| Untracked 
| 100|0x0000000086400000, 0x0000000086500000, 0x0000000086500000|100%| O|  |TAMS 0x0000000086400000, 0x0000000086400000| Untracked 
| 101|0x0000000086500000, 0x0000000086600000, 0x0000000086600000|100%| O|  |TAMS 0x0000000086500000, 0x0000000086500000| Untracked 
| 102|0x0000000086600000, 0x0000000086700000, 0x0000000086700000|100%| O|  |TAMS 0x0000000086600000, 0x0000000086600000| Untracked 
| 103|0x0000000086700000, 0x0000000086800000, 0x0000000086800000|100%| O|  |TAMS 0x0000000086700000, 0x0000000086700000| Untracked 
| 104|0x0000000086800000, 0x0000000086900000, 0x0000000086900000|100%| O|  |TAMS 0x0000000086800000, 0x0000000086800000| Untracked 
| 105|0x0000000086900000, 0x0000000086a00000, 0x0000000086a00000|100%| O|  |TAMS 0x0000000086900000, 0x0000000086900000| Untracked 
| 106|0x0000000086a00000, 0x0000000086b00000, 0x0000000086b00000|100%| O|  |TAMS 0x0000000086a00000, 0x0000000086a00000| Untracked 
| 107|0x0000000086b00000, 0x0000000086c00000, 0x0000000086c00000|100%|HS|  |TAMS 0x0000000086b00000, 0x0000000086b00000| Complete 
| 108|0x0000000086c00000, 0x0000000086d00000, 0x0000000086d00000|100%|HC|  |TAMS 0x0000000086c00000, 0x0000000086c00000| Complete 
| 109|0x0000000086d00000, 0x0000000086e00000, 0x0000000086e00000|100%| O|  |TAMS 0x0000000086d00000, 0x0000000086d00000| Untracked 
| 110|0x0000000086e00000, 0x0000000086f00000, 0x0000000086f00000|100%| O|  |TAMS 0x0000000086e00000, 0x0000000086e00000| Untracked 
| 111|0x0000000086f00000, 0x0000000087000000, 0x0000000087000000|100%| O|  |TAMS 0x0000000086f00000, 0x0000000086f00000| Untracked 
| 112|0x0000000087000000, 0x0000000087100000, 0x0000000087100000|100%| O|  |TAMS 0x0000000087000000, 0x0000000087000000| Untracked 
| 113|0x0000000087100000, 0x0000000087200000, 0x0000000087200000|100%| O|  |TAMS 0x0000000087100000, 0x0000000087100000| Untracked 
| 114|0x0000000087200000, 0x0000000087300000, 0x0000000087300000|100%| O|  |TAMS 0x0000000087200000, 0x0000000087200000| Untracked 
| 115|0x0000000087300000, 0x00000000873bc200, 0x0000000087400000| 73%| O|  |TAMS 0x0000000087300000, 0x0000000087300000| Untracked 
| 116|0x0000000087400000, 0x0000000087400000, 0x0000000087500000|  0%| F|  |TAMS 0x0000000087400000, 0x0000000087400000| Untracked 
| 117|0x0000000087500000, 0x0000000087500000, 0x0000000087600000|  0%| F|  |TAMS 0x0000000087500000, 0x0000000087500000| Untracked 
| 118|0x0000000087600000, 0x0000000087600000, 0x0000000087700000|  0%| F|  |TAMS 0x0000000087600000, 0x0000000087600000| Untracked 
| 119|0x0000000087700000, 0x0000000087700000, 0x0000000087800000|  0%| F|  |TAMS 0x0000000087700000, 0x0000000087700000| Untracked 
| 120|0x0000000087800000, 0x0000000087800000, 0x0000000087900000|  0%| F|  |TAMS 0x0000000087800000, 0x0000000087800000| Untracked 
| 121|0x0000000087900000, 0x0000000087900000, 0x0000000087a00000|  0%| F|  |TAMS 0x0000000087900000, 0x0000000087900000| Untracked 
| 122|0x0000000087a00000, 0x0000000087a00000, 0x0000000087b00000|  0%| F|  |TAMS 0x0000000087a00000, 0x0000000087a00000| Untracked 
| 123|0x0000000087b00000, 0x0000000087b00000, 0x0000000087c00000|  0%| F|  |TAMS 0x0000000087b00000, 0x0000000087b00000| Untracked 
| 124|0x0000000087c00000, 0x0000000087c00000, 0x0000000087d00000|  0%| F|  |TAMS 0x0000000087c00000, 0x0000000087c00000| Untracked 
| 125|0x0000000087d00000, 0x0000000087d00000, 0x0000000087e00000|  0%| F|  |TAMS 0x0000000087d00000, 0x0000000087d00000| Untracked 
| 126|0x0000000087e00000, 0x0000000087e00000, 0x0000000087f00000|  0%| F|  |TAMS 0x0000000087e00000, 0x0000000087e00000| Untracked 
| 127|0x0000000087f00000, 0x0000000087f00000, 0x0000000088000000|  0%| F|  |TAMS 0x0000000087f00000, 0x0000000087f00000| Untracked 
| 128|0x0000000088000000, 0x0000000088000000, 0x0000000088100000|  0%| F|  |TAMS 0x0000000088000000, 0x0000000088000000| Untracked 
| 129|0x0000000088100000, 0x0000000088100000, 0x0000000088200000|  0%| F|  |TAMS 0x0000000088100000, 0x0000000088100000| Untracked 
| 130|0x0000000088200000, 0x0000000088200000, 0x0000000088300000|  0%| F|  |TAMS 0x0000000088200000, 0x0000000088200000| Untracked 
| 131|0x0000000088300000, 0x0000000088300000, 0x0000000088400000|  0%| F|  |TAMS 0x0000000088300000, 0x0000000088300000| Untracked 
| 132|0x0000000088400000, 0x0000000088400000, 0x0000000088500000|  0%| F|  |TAMS 0x0000000088400000, 0x0000000088400000| Untracked 
| 133|0x0000000088500000, 0x0000000088500000, 0x0000000088600000|  0%| F|  |TAMS 0x0000000088500000, 0x0000000088500000| Untracked 
| 134|0x0000000088600000, 0x0000000088600000, 0x0000000088700000|  0%| F|  |TAMS 0x0000000088600000, 0x0000000088600000| Untracked 
| 135|0x0000000088700000, 0x0000000088700000, 0x0000000088800000|  0%| F|  |TAMS 0x0000000088700000, 0x0000000088700000| Untracked 
| 136|0x0000000088800000, 0x0000000088800000, 0x0000000088900000|  0%| F|  |TAMS 0x0000000088800000, 0x0000000088800000| Untracked 
| 137|0x0000000088900000, 0x0000000088900000, 0x0000000088a00000|  0%| F|  |TAMS 0x0000000088900000, 0x0000000088900000| Untracked 
| 138|0x0000000088a00000, 0x0000000088a00000, 0x0000000088b00000|  0%| F|  |TAMS 0x0000000088a00000, 0x0000000088a00000| Untracked 
| 139|0x0000000088b00000, 0x0000000088b00000, 0x0000000088c00000|  0%| F|  |TAMS 0x0000000088b00000, 0x0000000088b00000| Untracked 
| 140|0x0000000088c00000, 0x0000000088c00000, 0x0000000088d00000|  0%| F|  |TAMS 0x0000000088c00000, 0x0000000088c00000| Untracked 
| 141|0x0000000088d00000, 0x0000000088d00000, 0x0000000088e00000|  0%| F|  |TAMS 0x0000000088d00000, 0x0000000088d00000| Untracked 
| 142|0x0000000088e00000, 0x0000000088e00000, 0x0000000088f00000|  0%| F|  |TAMS 0x0000000088e00000, 0x0000000088e00000| Untracked 
| 143|0x0000000088f00000, 0x0000000088f00000, 0x0000000089000000|  0%| F|  |TAMS 0x0000000088f00000, 0x0000000088f00000| Untracked 
| 144|0x0000000089000000, 0x0000000089000000, 0x0000000089100000|  0%| F|  |TAMS 0x0000000089000000, 0x0000000089000000| Untracked 
| 145|0x0000000089100000, 0x0000000089100000, 0x0000000089200000|  0%| F|  |TAMS 0x0000000089100000, 0x0000000089100000| Untracked 
| 146|0x0000000089200000, 0x0000000089200000, 0x0000000089300000|  0%| F|  |TAMS 0x0000000089200000, 0x0000000089200000| Untracked 
| 147|0x0000000089300000, 0x0000000089300000, 0x0000000089400000|  0%| F|  |TAMS 0x0000000089300000, 0x0000000089300000| Untracked 
| 148|0x0000000089400000, 0x0000000089400000, 0x0000000089500000|  0%| F|  |TAMS 0x0000000089400000, 0x0000000089400000| Untracked 
| 149|0x0000000089500000, 0x0000000089500000, 0x0000000089600000|  0%| F|  |TAMS 0x0000000089500000, 0x0000000089500000| Untracked 
| 150|0x0000000089600000, 0x0000000089600000, 0x0000000089700000|  0%| F|  |TAMS 0x0000000089600000, 0x0000000089600000| Untracked 
| 151|0x0000000089700000, 0x0000000089700000, 0x0000000089800000|  0%| F|  |TAMS 0x0000000089700000, 0x0000000089700000| Untracked 
| 152|0x0000000089800000, 0x0000000089800000, 0x0000000089900000|  0%| F|  |TAMS 0x0000000089800000, 0x0000000089800000| Untracked 
| 153|0x0000000089900000, 0x0000000089900000, 0x0000000089a00000|  0%| F|  |TAMS 0x0000000089900000, 0x0000000089900000| Untracked 
| 154|0x0000000089a00000, 0x0000000089a00000, 0x0000000089b00000|  0%| F|  |TAMS 0x0000000089a00000, 0x0000000089a00000| Untracked 
| 155|0x0000000089b00000, 0x0000000089b00000, 0x0000000089c00000|  0%| F|  |TAMS 0x0000000089b00000, 0x0000000089b00000| Untracked 
| 156|0x0000000089c00000, 0x0000000089c00000, 0x0000000089d00000|  0%| F|  |TAMS 0x0000000089c00000, 0x0000000089c00000| Untracked 
| 157|0x0000000089d00000, 0x0000000089d00000, 0x0000000089e00000|  0%| F|  |TAMS 0x0000000089d00000, 0x0000000089d00000| Untracked 
| 158|0x0000000089e00000, 0x0000000089e00000, 0x0000000089f00000|  0%| F|  |TAMS 0x0000000089e00000, 0x0000000089e00000| Untracked 
| 159|0x0000000089f00000, 0x0000000089f00000, 0x000000008a000000|  0%| F|  |TAMS 0x0000000089f00000, 0x0000000089f00000| Untracked 
| 160|0x000000008a000000, 0x000000008a000000, 0x000000008a100000|  0%| F|  |TAMS 0x000000008a000000, 0x000000008a000000| Untracked 
| 161|0x000000008a100000, 0x000000008a100000, 0x000000008a200000|  0%| F|  |TAMS 0x000000008a100000, 0x000000008a100000| Untracked 
| 162|0x000000008a200000, 0x000000008a280000, 0x000000008a300000| 50%| S|CS|TAMS 0x000000008a200000, 0x000000008a200000| Complete 
| 163|0x000000008a300000, 0x000000008a400000, 0x000000008a400000|100%| S|CS|TAMS 0x000000008a300000, 0x000000008a300000| Complete 
| 164|0x000000008a400000, 0x000000008a500000, 0x000000008a500000|100%| S|CS|TAMS 0x000000008a400000, 0x000000008a400000| Complete 
| 165|0x000000008a500000, 0x000000008a600000, 0x000000008a600000|100%| S|CS|TAMS 0x000000008a500000, 0x000000008a500000| Complete 
| 166|0x000000008a600000, 0x000000008a700000, 0x000000008a700000|100%| S|CS|TAMS 0x000000008a600000, 0x000000008a600000| Complete 
| 167|0x000000008a700000, 0x000000008a800000, 0x000000008a800000|100%| S|CS|TAMS 0x000000008a700000, 0x000000008a700000| Complete 
| 168|0x000000008a800000, 0x000000008a900000, 0x000000008a900000|100%| S|CS|TAMS 0x000000008a800000, 0x000000008a800000| Complete 
| 169|0x000000008a900000, 0x000000008a900000, 0x000000008aa00000|  0%| F|  |TAMS 0x000000008a900000, 0x000000008a900000| Untracked 
| 170|0x000000008aa00000, 0x000000008aa00000, 0x000000008ab00000|  0%| F|  |TAMS 0x000000008aa00000, 0x000000008aa00000| Untracked 
| 171|0x000000008ab00000, 0x000000008ab00000, 0x000000008ac00000|  0%| F|  |TAMS 0x000000008ab00000, 0x000000008ab00000| Untracked 
| 172|0x000000008ac00000, 0x000000008ac00000, 0x000000008ad00000|  0%| F|  |TAMS 0x000000008ac00000, 0x000000008ac00000| Untracked 
| 173|0x000000008ad00000, 0x000000008ad00000, 0x000000008ae00000|  0%| F|  |TAMS 0x000000008ad00000, 0x000000008ad00000| Untracked 
| 174|0x000000008ae00000, 0x000000008ae00000, 0x000000008af00000|  0%| F|  |TAMS 0x000000008ae00000, 0x000000008ae00000| Untracked 
| 175|0x000000008af00000, 0x000000008af00000, 0x000000008b000000|  0%| F|  |TAMS 0x000000008af00000, 0x000000008af00000| Untracked 
| 176|0x000000008b000000, 0x000000008b000000, 0x000000008b100000|  0%| F|  |TAMS 0x000000008b000000, 0x000000008b000000| Untracked 
| 177|0x000000008b100000, 0x000000008b100000, 0x000000008b200000|  0%| F|  |TAMS 0x000000008b100000, 0x000000008b100000| Untracked 
| 178|0x000000008b200000, 0x000000008b200000, 0x000000008b300000|  0%| F|  |TAMS 0x000000008b200000, 0x000000008b200000| Untracked 
| 179|0x000000008b300000, 0x000000008b300000, 0x000000008b400000|  0%| F|  |TAMS 0x000000008b300000, 0x000000008b300000| Untracked 
| 180|0x000000008b400000, 0x000000008b400000, 0x000000008b500000|  0%| F|  |TAMS 0x000000008b400000, 0x000000008b400000| Untracked 
| 181|0x000000008b500000, 0x000000008b500000, 0x000000008b600000|  0%| F|  |TAMS 0x000000008b500000, 0x000000008b500000| Untracked 
| 182|0x000000008b600000, 0x000000008b600000, 0x000000008b700000|  0%| F|  |TAMS 0x000000008b600000, 0x000000008b600000| Untracked 
| 183|0x000000008b700000, 0x000000008b700000, 0x000000008b800000|  0%| F|  |TAMS 0x000000008b700000, 0x000000008b700000| Untracked 
| 184|0x000000008b800000, 0x000000008b800000, 0x000000008b900000|  0%| F|  |TAMS 0x000000008b800000, 0x000000008b800000| Untracked 
| 185|0x000000008b900000, 0x000000008b900000, 0x000000008ba00000|  0%| F|  |TAMS 0x000000008b900000, 0x000000008b900000| Untracked 
| 186|0x000000008ba00000, 0x000000008ba00000, 0x000000008bb00000|  0%| F|  |TAMS 0x000000008ba00000, 0x000000008ba00000| Untracked 
| 187|0x000000008bb00000, 0x000000008bb00000, 0x000000008bc00000|  0%| F|  |TAMS 0x000000008bb00000, 0x000000008bb00000| Untracked 
| 188|0x000000008bc00000, 0x000000008bc00000, 0x000000008bd00000|  0%| F|  |TAMS 0x000000008bc00000, 0x000000008bc00000| Untracked 
| 189|0x000000008bd00000, 0x000000008bd80800, 0x000000008be00000| 50%| E|  |TAMS 0x000000008bd00000, 0x000000008bd00000| Complete 
| 190|0x000000008be00000, 0x000000008bf00000, 0x000000008bf00000|100%| E|CS|TAMS 0x000000008be00000, 0x000000008be00000| Complete 
| 191|0x000000008bf00000, 0x000000008c000000, 0x000000008c000000|100%| E|CS|TAMS 0x000000008bf00000, 0x000000008bf00000| Complete 
| 192|0x000000008c000000, 0x000000008c100000, 0x000000008c100000|100%| E|CS|TAMS 0x000000008c000000, 0x000000008c000000| Complete 
| 193|0x000000008c100000, 0x000000008c200000, 0x000000008c200000|100%| E|CS|TAMS 0x000000008c100000, 0x000000008c100000| Complete 
| 194|0x000000008c200000, 0x000000008c300000, 0x000000008c300000|100%| E|CS|TAMS 0x000000008c200000, 0x000000008c200000| Complete 
| 195|0x000000008c300000, 0x000000008c400000, 0x000000008c400000|100%| E|CS|TAMS 0x000000008c300000, 0x000000008c300000| Complete 
| 196|0x000000008c400000, 0x000000008c500000, 0x000000008c500000|100%| E|CS|TAMS 0x000000008c400000, 0x000000008c400000| Complete 
| 197|0x000000008c500000, 0x000000008c600000, 0x000000008c600000|100%| E|CS|TAMS 0x000000008c500000, 0x000000008c500000| Complete 
| 198|0x000000008c600000, 0x000000008c700000, 0x000000008c700000|100%| E|CS|TAMS 0x000000008c600000, 0x000000008c600000| Complete 
| 199|0x000000008c700000, 0x000000008c800000, 0x000000008c800000|100%| E|CS|TAMS 0x000000008c700000, 0x000000008c700000| Complete 
| 200|0x000000008c800000, 0x000000008c900000, 0x000000008c900000|100%| E|CS|TAMS 0x000000008c800000, 0x000000008c800000| Complete 
| 201|0x000000008c900000, 0x000000008ca00000, 0x000000008ca00000|100%| E|CS|TAMS 0x000000008c900000, 0x000000008c900000| Complete 
| 202|0x000000008ca00000, 0x000000008cb00000, 0x000000008cb00000|100%| E|CS|TAMS 0x000000008ca00000, 0x000000008ca00000| Complete 
| 203|0x000000008cb00000, 0x000000008cc00000, 0x000000008cc00000|100%| E|CS|TAMS 0x000000008cb00000, 0x000000008cb00000| Complete 
| 204|0x000000008cc00000, 0x000000008cd00000, 0x000000008cd00000|100%| E|CS|TAMS 0x000000008cc00000, 0x000000008cc00000| Complete 
| 205|0x000000008cd00000, 0x000000008ce00000, 0x000000008ce00000|100%| E|CS|TAMS 0x000000008cd00000, 0x000000008cd00000| Complete 
| 206|0x000000008ce00000, 0x000000008cf00000, 0x000000008cf00000|100%| E|CS|TAMS 0x000000008ce00000, 0x000000008ce00000| Complete 
| 207|0x000000008cf00000, 0x000000008d000000, 0x000000008d000000|100%| E|CS|TAMS 0x000000008cf00000, 0x000000008cf00000| Complete 
| 208|0x000000008d000000, 0x000000008d100000, 0x000000008d100000|100%| E|CS|TAMS 0x000000008d000000, 0x000000008d000000| Complete 
| 209|0x000000008d100000, 0x000000008d200000, 0x000000008d200000|100%| E|CS|TAMS 0x000000008d100000, 0x000000008d100000| Complete 
| 210|0x000000008d200000, 0x000000008d300000, 0x000000008d300000|100%| E|CS|TAMS 0x000000008d200000, 0x000000008d200000| Complete 
| 211|0x000000008d300000, 0x000000008d400000, 0x000000008d400000|100%| E|CS|TAMS 0x000000008d300000, 0x000000008d300000| Complete 
| 212|0x000000008d400000, 0x000000008d500000, 0x000000008d500000|100%| E|CS|TAMS 0x000000008d400000, 0x000000008d400000| Complete 
| 213|0x000000008d500000, 0x000000008d600000, 0x000000008d600000|100%| E|CS|TAMS 0x000000008d500000, 0x000000008d500000| Complete 
| 214|0x000000008d600000, 0x000000008d700000, 0x000000008d700000|100%| E|CS|TAMS 0x000000008d600000, 0x000000008d600000| Complete 
| 215|0x000000008d700000, 0x000000008d800000, 0x000000008d800000|100%| E|CS|TAMS 0x000000008d700000, 0x000000008d700000| Complete 
| 216|0x000000008d800000, 0x000000008d900000, 0x000000008d900000|100%| E|CS|TAMS 0x000000008d800000, 0x000000008d800000| Complete 
| 217|0x000000008d900000, 0x000000008da00000, 0x000000008da00000|100%| E|CS|TAMS 0x000000008d900000, 0x000000008d900000| Complete 
| 218|0x000000008da00000, 0x000000008db00000, 0x000000008db00000|100%| E|CS|TAMS 0x000000008da00000, 0x000000008da00000| Complete 
| 219|0x000000008db00000, 0x000000008dc00000, 0x000000008dc00000|100%| E|CS|TAMS 0x000000008db00000, 0x000000008db00000| Complete 
| 220|0x000000008dc00000, 0x000000008dd00000, 0x000000008dd00000|100%| E|CS|TAMS 0x000000008dc00000, 0x000000008dc00000| Complete 
| 221|0x000000008dd00000, 0x000000008de00000, 0x000000008de00000|100%| E|CS|TAMS 0x000000008dd00000, 0x000000008dd00000| Complete 
| 222|0x000000008de00000, 0x000000008df00000, 0x000000008df00000|100%| E|CS|TAMS 0x000000008de00000, 0x000000008de00000| Complete 
| 223|0x000000008df00000, 0x000000008e000000, 0x000000008e000000|100%| E|CS|TAMS 0x000000008df00000, 0x000000008df00000| Complete 
| 224|0x000000008e000000, 0x000000008e100000, 0x000000008e100000|100%| E|CS|TAMS 0x000000008e000000, 0x000000008e000000| Complete 
| 225|0x000000008e100000, 0x000000008e200000, 0x000000008e200000|100%| E|CS|TAMS 0x000000008e100000, 0x000000008e100000| Complete 
| 226|0x000000008e200000, 0x000000008e300000, 0x000000008e300000|100%| E|CS|TAMS 0x000000008e200000, 0x000000008e200000| Complete 
| 227|0x000000008e300000, 0x000000008e400000, 0x000000008e400000|100%| E|CS|TAMS 0x000000008e300000, 0x000000008e300000| Complete 
| 228|0x000000008e400000, 0x000000008e500000, 0x000000008e500000|100%| E|CS|TAMS 0x000000008e400000, 0x000000008e400000| Complete 
| 229|0x000000008e500000, 0x000000008e600000, 0x000000008e600000|100%| E|CS|TAMS 0x000000008e500000, 0x000000008e500000| Complete 
| 230|0x000000008e600000, 0x000000008e700000, 0x000000008e700000|100%| E|CS|TAMS 0x000000008e600000, 0x000000008e600000| Complete 
| 231|0x000000008e700000, 0x000000008e800000, 0x000000008e800000|100%| E|CS|TAMS 0x000000008e700000, 0x000000008e700000| Complete 
| 232|0x000000008e800000, 0x000000008e900000, 0x000000008e900000|100%| E|CS|TAMS 0x000000008e800000, 0x000000008e800000| Complete 
| 233|0x000000008e900000, 0x000000008ea00000, 0x000000008ea00000|100%| E|CS|TAMS 0x000000008e900000, 0x000000008e900000| Complete 
| 234|0x000000008ea00000, 0x000000008eb00000, 0x000000008eb00000|100%| E|CS|TAMS 0x000000008ea00000, 0x000000008ea00000| Complete 
| 235|0x000000008eb00000, 0x000000008ec00000, 0x000000008ec00000|100%| E|CS|TAMS 0x000000008eb00000, 0x000000008eb00000| Complete 
| 236|0x000000008ec00000, 0x000000008ed00000, 0x000000008ed00000|100%| E|CS|TAMS 0x000000008ec00000, 0x000000008ec00000| Complete 
| 237|0x000000008ed00000, 0x000000008ee00000, 0x000000008ee00000|100%| E|CS|TAMS 0x000000008ed00000, 0x000000008ed00000| Complete 
| 238|0x000000008ee00000, 0x000000008ef00000, 0x000000008ef00000|100%| E|CS|TAMS 0x000000008ee00000, 0x000000008ee00000| Complete 
| 239|0x000000008ef00000, 0x000000008f000000, 0x000000008f000000|100%| E|CS|TAMS 0x000000008ef00000, 0x000000008ef00000| Complete 
| 240|0x000000008f000000, 0x000000008f100000, 0x000000008f100000|100%| E|CS|TAMS 0x000000008f000000, 0x000000008f000000| Complete 
| 241|0x000000008f100000, 0x000000008f200000, 0x000000008f200000|100%| E|CS|TAMS 0x000000008f100000, 0x000000008f100000| Complete 
| 242|0x000000008f200000, 0x000000008f300000, 0x000000008f300000|100%| E|CS|TAMS 0x000000008f200000, 0x000000008f200000| Complete 
| 243|0x000000008f300000, 0x000000008f400000, 0x000000008f400000|100%| E|CS|TAMS 0x000000008f300000, 0x000000008f300000| Complete 
| 244|0x000000008f400000, 0x000000008f500000, 0x000000008f500000|100%| E|CS|TAMS 0x000000008f400000, 0x000000008f400000| Complete 
| 245|0x000000008f500000, 0x000000008f600000, 0x000000008f600000|100%| E|CS|TAMS 0x000000008f500000, 0x000000008f500000| Complete 
| 246|0x000000008f600000, 0x000000008f700000, 0x000000008f700000|100%| E|CS|TAMS 0x000000008f600000, 0x000000008f600000| Complete 
| 247|0x000000008f700000, 0x000000008f800000, 0x000000008f800000|100%| E|CS|TAMS 0x000000008f700000, 0x000000008f700000| Complete 
| 248|0x000000008f800000, 0x000000008f900000, 0x000000008f900000|100%| E|CS|TAMS 0x000000008f800000, 0x000000008f800000| Complete 
| 249|0x000000008f900000, 0x000000008fa00000, 0x000000008fa00000|100%| E|CS|TAMS 0x000000008f900000, 0x000000008f900000| Complete 
| 250|0x000000008fa00000, 0x000000008fb00000, 0x000000008fb00000|100%| E|CS|TAMS 0x000000008fa00000, 0x000000008fa00000| Complete 
| 251|0x000000008fb00000, 0x000000008fc00000, 0x000000008fc00000|100%| E|CS|TAMS 0x000000008fb00000, 0x000000008fb00000| Complete 
| 252|0x000000008fc00000, 0x000000008fd00000, 0x000000008fd00000|100%| E|CS|TAMS 0x000000008fc00000, 0x000000008fc00000| Complete 
| 253|0x000000008fd00000, 0x000000008fe00000, 0x000000008fe00000|100%| E|CS|TAMS 0x000000008fd00000, 0x000000008fd00000| Complete 
| 254|0x000000008fe00000, 0x000000008ff00000, 0x000000008ff00000|100%| E|CS|TAMS 0x000000008fe00000, 0x000000008fe00000| Complete 
| 255|0x000000008ff00000, 0x0000000090000000, 0x0000000090000000|100%| E|CS|TAMS 0x000000008ff00000, 0x000000008ff00000| Complete 

Card table byte_map: [0x0000018f71700000,0x0000018f71b00000] _byte_map_base: 0x0000018f71300000

Marking Bits (Prev, Next): (CMBitMap*) 0x0000018f75f20a90, (CMBitMap*) 0x0000018f75f20ad0
 Prev Bits: [0x0000018f71f00000, 0x0000018f73f00000)
 Next Bits: [0x0000018f73f00000, 0x0000018f75f00000)

Polling page: 0x0000018f6d410000

Metaspace:

Usage:
  Non-class:    112.63 MB used.
      Class:     14.56 MB used.
       Both:    127.19 MB used.

Virtual space:
  Non-class space:      120.00 MB reserved,     114.12 MB ( 95%) committed,  15 nodes.
      Class space:        1.00 GB reserved,      15.69 MB (  2%) committed,  1 nodes.
             Both:        1.12 GB reserved,     129.81 MB ( 11%) committed. 

Chunk freelists:
   Non-Class:  1.72 MB
       Class:  323.00 KB
        Both:  2.04 MB

MaxMetaspaceSize: unlimited
CompressedClassSpaceSize: 1.00 GB
Initial GC threshold: 21.00 MB
Current GC threshold: 136.56 MB
CDS: off
MetaspaceReclaimPolicy: balanced
 - commit_granule_bytes: 65536.
 - commit_granule_words: 8192.
 - virtual_space_node_default_size: 1048576.
 - enlarge_chunks_in_place: 1.
 - new_chunks_are_fully_committed: 0.
 - uncommit_free_chunks: 1.
 - use_allocation_guard: 0.
 - handle_deallocations: 1.


Internal statistics:

num_allocs_failed_limit: 21.
num_arena_births: 1290.
num_arena_deaths: 0.
num_vsnodes_births: 16.
num_vsnodes_deaths: 0.
num_space_committed: 2076.
num_space_uncommitted: 0.
num_chunks_returned_to_freelist: 21.
num_chunks_taken_from_freelist: 7316.
num_chunk_merges: 18.
num_chunk_splits: 4583.
num_chunks_enlarged: 2518.
num_purges: 0.
num_inconsistent_stats: 0.

CodeHeap 'non-profiled nmethods': size=120000Kb used=12721Kb max_used=12896Kb free=107279Kb
 bounds [0x0000018f07ad0000, 0x0000018f08770000, 0x0000018f0f000000]
CodeHeap 'profiled nmethods': size=120000Kb used=34625Kb max_used=35921Kb free=85374Kb
 bounds [0x0000018f005a0000, 0x0000018f028c0000, 0x0000018f07ad0000]
CodeHeap 'non-nmethods': size=5760Kb used=1643Kb max_used=1709Kb free=4117Kb
 bounds [0x0000018f00000000, 0x0000018f00270000, 0x0000018f005a0000]
 total_blobs=17362 nmethods=16312 adapters=958
 compilation: enabled
              stopped_count=0, restarted_count=0
 full_count=0

Compilation events (20 events):
Event: 2320.105 Thread 0x0000018f7858d5b0 21000       3       org.eclipse.jdt.internal.compiler.classfmt.MethodInfo::getExceptionTypeNames (16 bytes)
Event: 2320.105 Thread 0x0000018f7858d5b0 nmethod 21000 0x0000018f028acc90 code [0x0000018f028ace40, 0x0000018f028acfc8]
Event: 2320.105 Thread 0x0000018f7858d5b0 20994       3       org.eclipse.jdt.internal.compiler.ast.Annotation::resolveType (1559 bytes)
Event: 2320.110 Thread 0x0000018f7858d5b0 nmethod 20994 0x0000018f028ad090 code [0x0000018f028ad900, 0x0000018f028b4068]
Event: 2320.110 Thread 0x0000018f7858d5b0 20993       3       org.eclipse.jdt.internal.compiler.lookup.Scope::referenceContext (79 bytes)
Event: 2320.110 Thread 0x0000018f7858d5b0 nmethod 20993 0x0000018f028b6590 code [0x0000018f028b6780, 0x0000018f028b6e58]
Event: 2320.110 Thread 0x0000018f7858d5b0 21002       1       org.eclipse.jdt.core.dom.Modifier::getNodeType0 (3 bytes)
Event: 2320.110 Thread 0x0000018f7858d5b0 nmethod 21002 0x0000018f08765a10 code [0x0000018f08765ba0, 0x0000018f08765c78]
Event: 2320.110 Thread 0x0000018f7858d5b0 20991       3       org.eclipse.e4.ui.css.core.dom.properties.ICSSPropertyHandler2::onAllCSSPropertiesApplyed (9 bytes)
Event: 2320.110 Thread 0x0000018f7858d5b0 nmethod 20991 0x0000018f00743a10 code [0x0000018f00743bc0, 0x0000018f00743d28]
Event: 2320.110 Thread 0x0000018f7858d5b0 21003       3       org.eclipse.jdt.core.dom.ASTRecoveryPropagator::markIncludedProblems (366 bytes)
Event: 2320.111 Thread 0x0000018f7858d5b0 nmethod 21003 0x0000018f028b7010 code [0x0000018f028b71e0, 0x0000018f028b7c58]
Event: 2320.111 Thread 0x0000018f7858d5b0 21004   !   3       org.eclipse.jdt.core.dom.FieldDeclaration::getType (60 bytes)
Event: 2320.111 Thread 0x0000018f1b494fa0 20978       4       org.eclipse.e4.core.internal.contexts.EclipseContext::getActiveLeaf (25 bytes)
Event: 2320.111 Thread 0x0000018f7858d5b0 nmethod 21004 0x0000018f028b7e90 code [0x0000018f028b80e0, 0x0000018f028b8b08]
Event: 2320.111 Thread 0x0000018f7858d5b0 21005       3       org.eclipse.jdt.internal.corext.dom.GenericVisitor::visit (6 bytes)
Event: 2320.111 Thread 0x0000018f7858d5b0 nmethod 21005 0x0000018f028b9010 code [0x0000018f028b91c0, 0x0000018f028b9388]
Event: 2320.111 Thread 0x0000018f7858d5b0 21001       1       org.eclipse.jdt.internal.compiler.ast.TypeReference::extraDimensions (2 bytes)
Event: 2320.112 Thread 0x0000018f7858d5b0 nmethod 21001 0x0000018f08765d10 code [0x0000018f08765ea0, 0x0000018f08765f78]
Event: 2320.116 Thread 0x0000018f7858d5b0 21006       3       org.eclipse.swt.widgets.Control::moveBelow (175 bytes)

GC Heap History (20 events):
Event: 16.009 GC heap before
{Heap before GC invocations=13 (full 0):
 garbage-first heap   total 262144K, used 182617K [0x0000000080000000, 0x0000000100000000)
  region size 1024K, 141 young (144384K), 14 survivors (14336K)
 Metaspace       used 91290K, committed 93248K, reserved 1130496K
  class space    used 10601K, committed 11456K, reserved 1048576K
}
Event: 16.031 GC heap after
{Heap after GC invocations=14 (full 0):
 garbage-first heap   total 262144K, used 67072K [0x0000000080000000, 0x0000000100000000)
  region size 1024K, 16 young (16384K), 16 survivors (16384K)
 Metaspace       used 91290K, committed 93248K, reserved 1130496K
  class space    used 10601K, committed 11456K, reserved 1048576K
}
Event: 17.802 GC heap before
{Heap before GC invocations=14 (full 0):
 garbage-first heap   total 262144K, used 190976K [0x0000000080000000, 0x0000000100000000)
  region size 1024K, 136 young (139264K), 16 survivors (16384K)
 Metaspace       used 102366K, committed 104448K, reserved 1146880K
  class space    used 11861K, committed 12672K, reserved 1048576K
}
Event: 17.822 GC heap after
{Heap after GC invocations=15 (full 0):
 garbage-first heap   total 262144K, used 77798K [0x0000000080000000, 0x0000000100000000)
  region size 1024K, 11 young (11264K), 11 survivors (11264K)
 Metaspace       used 102366K, committed 104448K, reserved 1146880K
  class space    used 11861K, committed 12672K, reserved 1048576K
}
Event: 30.836 GC heap before
{Heap before GC invocations=15 (full 0):
 garbage-first heap   total 262144K, used 196582K [0x0000000080000000, 0x0000000100000000)
  region size 1024K, 127 young (130048K), 11 survivors (11264K)
 Metaspace       used 110242K, committed 112640K, reserved 1155072K
  class space    used 12853K, committed 13824K, reserved 1048576K
}
Event: 30.858 GC heap after
{Heap after GC invocations=16 (full 0):
 garbage-first heap   total 262144K, used 93184K [0x0000000080000000, 0x0000000100000000)
  region size 1024K, 16 young (16384K), 16 survivors (16384K)
 Metaspace       used 110242K, committed 112640K, reserved 1155072K
  class space    used 12853K, committed 13824K, reserved 1048576K
}
Event: 31.427 GC heap before
{Heap before GC invocations=16 (full 0):
 garbage-first heap   total 262144K, used 202752K [0x0000000080000000, 0x0000000100000000)
  region size 1024K, 120 young (122880K), 16 survivors (16384K)
 Metaspace       used 111510K, committed 113920K, reserved 1155072K
  class space    used 12991K, committed 13952K, reserved 1048576K
}
Event: 31.445 GC heap after
{Heap after GC invocations=17 (full 0):
 garbage-first heap   total 262144K, used 98304K [0x0000000080000000, 0x0000000100000000)
  region size 1024K, 5 young (5120K), 5 survivors (5120K)
 Metaspace       used 111510K, committed 113920K, reserved 1155072K
  class space    used 12991K, committed 13952K, reserved 1048576K
}
Event: 32.872 GC heap before
{Heap before GC invocations=17 (full 0):
 garbage-first heap   total 262144K, used 210944K [0x0000000080000000, 0x0000000100000000)
  region size 1024K, 109 young (111616K), 5 survivors (5120K)
 Metaspace       used 113090K, committed 115520K, reserved 1155072K
  class space    used 13148K, committed 14144K, reserved 1048576K
}
Event: 32.882 GC heap after
{Heap after GC invocations=18 (full 0):
 garbage-first heap   total 262144K, used 103751K [0x0000000080000000, 0x0000000100000000)
  region size 1024K, 9 young (9216K), 9 survivors (9216K)
 Metaspace       used 113090K, committed 115520K, reserved 1155072K
  class space    used 13148K, committed 14144K, reserved 1048576K
}
Event: 37.178 GC heap before
{Heap before GC invocations=18 (full 0):
 garbage-first heap   total 262144K, used 224583K [0x0000000080000000, 0x0000000100000000)
  region size 1024K, 111 young (113664K), 9 survivors (9216K)
 Metaspace       used 116179K, committed 118720K, reserved 1155072K
  class space    used 13561K, committed 14656K, reserved 1048576K
}
Event: 37.186 GC heap after
{Heap after GC invocations=19 (full 0):
 garbage-first heap   total 262144K, used 109441K [0x0000000080000000, 0x0000000100000000)
  region size 1024K, 8 young (8192K), 8 survivors (8192K)
 Metaspace       used 116179K, committed 118720K, reserved 1155072K
  class space    used 13561K, committed 14656K, reserved 1048576K
}
Event: 50.188 GC heap before
{Heap before GC invocations=19 (full 0):
 garbage-first heap   total 262144K, used 212865K [0x0000000080000000, 0x0000000100000000)
  region size 1024K, 109 young (111616K), 8 survivors (8192K)
 Metaspace       used 122422K, committed 124992K, reserved 1163264K
  class space    used 14271K, committed 15360K, reserved 1048576K
}
Event: 50.196 GC heap after
{Heap after GC invocations=20 (full 0):
 garbage-first heap   total 262144K, used 113167K [0x0000000080000000, 0x0000000100000000)
  region size 1024K, 12 young (12288K), 12 survivors (12288K)
 Metaspace       used 122422K, committed 124992K, reserved 1163264K
  class space    used 14271K, committed 15360K, reserved 1048576K
}
Event: 498.507 GC heap before
{Heap before GC invocations=20 (full 0):
 garbage-first heap   total 262144K, used 215567K [0x0000000080000000, 0x0000000100000000)
  region size 1024K, 111 young (113664K), 12 survivors (12288K)
 Metaspace       used 125897K, committed 128512K, reserved 1163264K
  class space    used 14574K, committed 15744K, reserved 1048576K
}
Event: 498.518 GC heap after
{Heap after GC invocations=21 (full 0):
 garbage-first heap   total 262144K, used 116752K [0x0000000080000000, 0x0000000100000000)
  region size 1024K, 10 young (10240K), 10 survivors (10240K)
 Metaspace       used 125897K, committed 128512K, reserved 1163264K
  class space    used 14574K, committed 15744K, reserved 1048576K
}
Event: 640.634 GC heap before
{Heap before GC invocations=21 (full 0):
 garbage-first heap   total 262144K, used 215056K [0x0000000080000000, 0x0000000100000000)
  region size 1024K, 106 young (108544K), 10 survivors (10240K)
 Metaspace       used 129178K, committed 131776K, reserved 1171456K
  class space    used 14896K, committed 16064K, reserved 1048576K
}
Event: 640.646 GC heap after
{Heap after GC invocations=22 (full 0):
 garbage-first heap   total 262144K, used 123544K [0x0000000080000000, 0x0000000100000000)
  region size 1024K, 14 young (14336K), 14 survivors (14336K)
 Metaspace       used 129178K, committed 131776K, reserved 1171456K
  class space    used 14896K, committed 16064K, reserved 1048576K
}
Event: 1912.350 GC heap before
{Heap before GC invocations=22 (full 0):
 garbage-first heap   total 262144K, used 211608K [0x0000000080000000, 0x0000000100000000)
  region size 1024K, 101 young (103424K), 14 survivors (14336K)
 Metaspace       used 129909K, committed 132544K, reserved 1171456K
  class space    used 14909K, committed 16064K, reserved 1048576K
}
Event: 1912.365 GC heap after
{Heap after GC invocations=23 (full 0):
 garbage-first heap   total 262144K, used 125168K [0x0000000080000000, 0x0000000100000000)
  region size 1024K, 7 young (7168K), 7 survivors (7168K)
 Metaspace       used 129909K, committed 132544K, reserved 1171456K
  class space    used 14909K, committed 16064K, reserved 1048576K
}

Dll operation events (11 events):
Event: 0.040 Loaded shared library C:\Rana durgi\Rana Eclipse\eclipse\plugins\org.eclipse.justj.openjdk.hotspot.jre.full.win32.x86_64_17.0.5.v20221102-0933\jre\bin\java.dll
Event: 0.197 Loaded shared library C:\Rana durgi\Rana Eclipse\eclipse\plugins\org.eclipse.justj.openjdk.hotspot.jre.full.win32.x86_64_17.0.5.v20221102-0933\jre\bin\net.dll
Event: 0.209 Loaded shared library C:\Rana durgi\Rana Eclipse\eclipse\plugins\org.eclipse.justj.openjdk.hotspot.jre.full.win32.x86_64_17.0.5.v20221102-0933\jre\bin\nio.dll
Event: 0.222 Loaded shared library C:\Rana durgi\Rana Eclipse\eclipse\plugins\org.eclipse.justj.openjdk.hotspot.jre.full.win32.x86_64_17.0.5.v20221102-0933\jre\bin\zip.dll
Event: 0.296 Loaded shared library C:\Rana durgi\Rana Eclipse\eclipse\plugins\org.eclipse.justj.openjdk.hotspot.jre.full.win32.x86_64_17.0.5.v20221102-0933\jre\bin\jimage.dll
Event: 1.430 Loaded shared library C:\Rana durgi\Rana Eclipse\eclipse\plugins\org.eclipse.justj.openjdk.hotspot.jre.full.win32.x86_64_17.0.5.v20221102-0933\jre\bin\verify.dll
Event: 2.281 Loaded shared library C:\Rana durgi\Rana Eclipse\eclipse\configuration\org.eclipse.osgi\339\0\.cp\swt-win32-4956r13.dll
Event: 2.358 Loaded shared library C:\Rana durgi\Rana Eclipse\eclipse\configuration\org.eclipse.osgi\339\0\.cp\swt-gdip-win32-4956r13.dll
Event: 7.245 Loaded shared library C:\Rana durgi\Rana Eclipse\eclipse\configuration\org.eclipse.osgi\86\0\.cp\os\win32\x86_64\localfile_1_0_0.dll
Event: 7.443 Loaded shared library C:\Rana durgi\Rana Eclipse\eclipse\plugins\org.eclipse.justj.openjdk.hotspot.jre.full.win32.x86_64_17.0.5.v20221102-0933\jre\bin\sunmscapi.dll
Event: 12.635 Loaded shared library C:\Users\RanadheerDurgi\AppData\Local\Temp\jna--1152135113\jna1807000672864483219.dll

Deoptimization events (20 events):
Event: 2313.766 Thread 0x0000018f6dcc0090 Uncommon trap: trap_request=0xffffffbe fr.pc=0x0000018f07d30b2c relative=0x0000000000003ccc
Event: 2313.766 Thread 0x0000018f6dcc0090 Uncommon trap: reason=profile_predicate action=maybe_recompile pc=0x0000018f07d30b2c method=org.eclipse.swt.graphics.ImageData.blit([BIIIIIIII[BIIIIIIIIZZ)V @ 2508 c2
Event: 2313.766 Thread 0x0000018f6dcc0090 DEOPT PACKING pc=0x0000018f07d30b2c sp=0x000000187a4fa150
Event: 2313.766 Thread 0x0000018f6dcc0090 DEOPT UNPACKING pc=0x0000018f000523a3 sp=0x000000187a4f9f58 mode 2
Event: 2313.766 Thread 0x0000018f6dcc0090 Uncommon trap: trap_request=0xffffffbe fr.pc=0x0000018f07d8b25c relative=0x000000000000289c
Event: 2313.766 Thread 0x0000018f6dcc0090 Uncommon trap: reason=profile_predicate action=maybe_recompile pc=0x0000018f07d8b25c method=org.eclipse.swt.graphics.ImageData.blit([BIIIIIIII[BIIIIIIIIZZ)V @ 1527 c2
Event: 2313.766 Thread 0x0000018f6dcc0090 DEOPT PACKING pc=0x0000018f07d8b25c sp=0x000000187a4fa0b0
Event: 2313.766 Thread 0x0000018f6dcc0090 DEOPT UNPACKING pc=0x0000018f000523a3 sp=0x000000187a4f9f60 mode 2
Event: 2314.006 Thread 0x0000018f6dcc0090 Uncommon trap: trap_request=0xffffffbe fr.pc=0x0000018f07d30b2c relative=0x0000000000003ccc
Event: 2314.006 Thread 0x0000018f6dcc0090 Uncommon trap: reason=profile_predicate action=maybe_recompile pc=0x0000018f07d30b2c method=org.eclipse.swt.graphics.ImageData.blit([BIIIIIIII[BIIIIIIIIZZ)V @ 2508 c2
Event: 2314.006 Thread 0x0000018f6dcc0090 DEOPT PACKING pc=0x0000018f07d30b2c sp=0x000000187a4fc380
Event: 2314.006 Thread 0x0000018f6dcc0090 DEOPT UNPACKING pc=0x0000018f000523a3 sp=0x000000187a4fc188 mode 2
Event: 2320.096 Thread 0x0000018f6dcc0090 Uncommon trap: trap_request=0xffffffcc fr.pc=0x0000018f0874c5a0 relative=0x0000000000006100
Event: 2320.096 Thread 0x0000018f6dcc0090 Uncommon trap: reason=intrinsic_or_type_checked_inlining action=make_not_entrant pc=0x0000018f0874c5a0 method=org.eclipse.jface.bindings.keys.KeySequence.getKeyStrokes()[Lorg/eclipse/jface/bindings/keys/KeyStroke; @ 7 c2
Event: 2320.096 Thread 0x0000018f6dcc0090 DEOPT PACKING pc=0x0000018f0874c5a0 sp=0x000000187a4fc190
Event: 2320.096 Thread 0x0000018f6dcc0090 DEOPT UNPACKING pc=0x0000018f000523a3 sp=0x000000187a4fbec8 mode 2
Event: 2320.096 Thread 0x0000018f6dcc0090 Uncommon trap: trap_request=0xffffffcc fr.pc=0x0000018f0873ec8c relative=0x0000000000005b2c
Event: 2320.096 Thread 0x0000018f6dcc0090 Uncommon trap: reason=intrinsic_or_type_checked_inlining action=make_not_entrant pc=0x0000018f0873ec8c method=org.eclipse.jface.bindings.keys.KeySequence.getKeyStrokes()[Lorg/eclipse/jface/bindings/keys/KeyStroke; @ 7 c2
Event: 2320.096 Thread 0x0000018f6dcc0090 DEOPT PACKING pc=0x0000018f0873ec8c sp=0x000000187a4fc050
Event: 2320.096 Thread 0x0000018f6dcc0090 DEOPT UNPACKING pc=0x0000018f000523a3 sp=0x000000187a4fbeb8 mode 2

Classes unloaded (0 events):
No events

Classes redefined (0 events):
No events

Internal exceptions (20 events):
Event: 648.356 Thread 0x0000018f6dcc0090 Exception <a 'java/lang/ClassNotFoundException'{0x000000008f97e430}: sun/net/www/protocol/about/Handler> (0x000000008f97e430) 
thrown [s\src\hotspot\share\classfile\systemDictionary.cpp, line 256]
Event: 648.386 Thread 0x0000018f6dcc0090 Exception <a 'java/lang/ClassNotFoundException'{0x000000008f995a88}: sun/net/www/protocol/about/Handler> (0x000000008f995a88) 
thrown [s\src\hotspot\share\classfile\systemDictionary.cpp, line 256]
Event: 649.853 Thread 0x0000018f6dcc0090 Exception <a 'java/lang/ClassNotFoundException'{0x000000008f9c7630}: sun/net/www/protocol/about/Handler> (0x000000008f9c7630) 
thrown [s\src\hotspot\share\classfile\systemDictionary.cpp, line 256]
Event: 649.891 Thread 0x0000018f6dcc0090 Exception <a 'java/lang/ClassNotFoundException'{0x000000008f9dc0b8}: sun/net/www/protocol/about/Handler> (0x000000008f9dc0b8) 
thrown [s\src\hotspot\share\classfile\systemDictionary.cpp, line 256]
Event: 696.946 Thread 0x0000018f7b173050 Exception <a 'sun/nio/fs/WindowsException'{0x000000008fe28af8}> (0x000000008fe28af8) 
thrown [s\src\hotspot\share\prims\jni.cpp, line 516]
Event: 696.950 Thread 0x0000018f7b173050 Exception <a 'sun/nio/fs/WindowsException'{0x000000008fe29848}> (0x000000008fe29848) 
thrown [s\src\hotspot\share\prims\jni.cpp, line 516]
Event: 717.991 Thread 0x0000018f6dcc0090 Exception <a 'java/lang/ClassNotFoundException'{0x000000008f3ee958}: sun/net/www/protocol/about/Handler> (0x000000008f3ee958) 
thrown [s\src\hotspot\share\classfile\systemDictionary.cpp, line 256]
Event: 718.015 Thread 0x0000018f6dcc0090 Exception <a 'java/lang/ClassNotFoundException'{0x000000008f2adce0}: sun/net/www/protocol/about/Handler> (0x000000008f2adce0) 
thrown [s\src\hotspot\share\classfile\systemDictionary.cpp, line 256]
Event: 718.461 Thread 0x0000018f6dcc0090 Exception <a 'java/lang/ClassNotFoundException'{0x000000008f2c6e10}: sun/net/www/protocol/about/Handler> (0x000000008f2c6e10) 
thrown [s\src\hotspot\share\classfile\systemDictionary.cpp, line 256]
Event: 718.486 Thread 0x0000018f6dcc0090 Exception <a 'java/lang/ClassNotFoundException'{0x000000008f2db898}: sun/net/www/protocol/about/Handler> (0x000000008f2db898) 
thrown [s\src\hotspot\share\classfile\systemDictionary.cpp, line 256]
Event: 775.958 Thread 0x0000018f6dcc0090 Implicit null exception at 0x0000018f080adf7c to 0x0000018f080b31b8
Event: 997.009 Thread 0x0000018f7b173050 Exception <a 'sun/nio/fs/WindowsException'{0x000000008cf301b0}> (0x000000008cf301b0) 
thrown [s\src\hotspot\share\prims\jni.cpp, line 516]
Event: 1297.069 Thread 0x0000018f0fa83da0 Exception <a 'sun/nio/fs/WindowsException'{0x000000008cea15e0}> (0x000000008cea15e0) 
thrown [s\src\hotspot\share\prims\jni.cpp, line 516]
Event: 1597.080 Thread 0x0000018f7b173050 Exception <a 'sun/nio/fs/WindowsException'{0x000000008c57a578}> (0x000000008c57a578) 
thrown [s\src\hotspot\share\prims\jni.cpp, line 516]
Event: 1897.134 Thread 0x0000018f0fa83da0 Exception <a 'sun/nio/fs/WindowsException'{0x000000008b585058}> (0x000000008b585058) 
thrown [s\src\hotspot\share\prims\jni.cpp, line 516]
Event: 1899.369 Thread 0x0000018f6dcc0090 Implicit null exception at 0x0000018f085b4d2b to 0x0000018f085b6aa8
Event: 1906.117 Thread 0x0000018f6dcc0090 Implicit null exception at 0x0000018f085b4d2b to 0x0000018f085b6aa8
Event: 1907.677 Thread 0x0000018f6dcc0090 Implicit null exception at 0x0000018f085b4d2b to 0x0000018f085b6aa8
Event: 1908.624 Thread 0x0000018f6dcc0090 Implicit null exception at 0x0000018f085b4d2b to 0x0000018f085b6aa8
Event: 2299.509 Thread 0x0000018f0fa83da0 Exception <a 'sun/nio/fs/WindowsException'{0x000000008ce9e700}> (0x000000008ce9e700) 
thrown [s\src\hotspot\share\prims\jni.cpp, line 516]

VM Operations (20 events):
Event: 2138.407 Executing VM operation: Cleanup
Event: 2138.407 Executing VM operation: Cleanup done
Event: 2139.408 Executing VM operation: Cleanup
Event: 2139.408 Executing VM operation: Cleanup done
Event: 2141.408 Executing VM operation: Cleanup
Event: 2141.408 Executing VM operation: Cleanup done
Event: 2300.445 Executing VM operation: Cleanup
Event: 2300.445 Executing VM operation: Cleanup done
Event: 2302.446 Executing VM operation: Cleanup
Event: 2302.446 Executing VM operation: Cleanup done
Event: 2310.449 Executing VM operation: Cleanup
Event: 2310.449 Executing VM operation: Cleanup done
Event: 2314.450 Executing VM operation: Cleanup
Event: 2314.450 Executing VM operation: Cleanup done
Event: 2318.451 Executing VM operation: Cleanup
Event: 2318.451 Executing VM operation: Cleanup done
Event: 2320.096 Executing VM operation: HandshakeAllThreads
Event: 2320.096 Executing VM operation: HandshakeAllThreads done
Event: 2320.098 Executing VM operation: Cleanup
Event: 2320.101 Executing VM operation: Cleanup done

Events (20 events):
Event: 1954.501 Thread 0x0000018f0fa7e700 Thread exited: 0x0000018f0fa7e700
Event: 1955.464 Thread 0x0000018f0fa7e700 Thread added: 0x0000018f0fa7e700
Event: 1955.465 Thread 0x0000018f0fa7e700 Thread exited: 0x0000018f0fa7e700
Event: 1958.350 Thread 0x0000018f0fa820c0 Thread added: 0x0000018f0fa820c0
Event: 1958.351 Thread 0x0000018f0fa820c0 Thread exited: 0x0000018f0fa820c0
Event: 1960.557 Thread 0x0000018f0fa7e700 Thread added: 0x0000018f0fa7e700
Event: 1960.558 Thread 0x0000018f0fa7e700 Thread exited: 0x0000018f0fa7e700
Event: 1969.610 Thread 0x0000018f0fa7e700 Thread added: 0x0000018f0fa7e700
Event: 1969.611 Thread 0x0000018f0fa7e700 Thread exited: 0x0000018f0fa7e700
Event: 2139.802 Thread 0x0000018f0fa80d80 Thread added: 0x0000018f0fa80d80
Event: 2139.803 Thread 0x0000018f0fa80d80 Thread exited: 0x0000018f0fa80d80
Event: 2313.759 Thread 0x0000018f1b497820 Thread added: 0x0000018f1b497820
Event: 2313.862 Thread 0x0000018f0fa820c0 Thread added: 0x0000018f0fa820c0
Event: 2318.319 Thread 0x0000018f1b497820 Thread exited: 0x0000018f1b497820
Event: 2318.327 Thread 0x0000018f0fa80d80 Thread added: 0x0000018f0fa80d80
Event: 2320.100 Thread 0x0000018f1b494fa0 Thread added: 0x0000018f1b494fa0
Event: 2320.105 Thread 0x0000018f785a02b0 flushing nmethod 0x0000018f00743a10
Event: 2320.116 Thread 0x0000018f785a02b0 flushing nmethod 0x0000018f0149d410
Event: 2320.116 Thread 0x0000018f785a02b0 flushing nmethod 0x0000018f014a0190
Event: 2320.116 Thread 0x0000018f785a02b0 flushing nmethod 0x0000018f01538d10


Dynamic libraries:
0x00007ff7d6300000 - 0x00007ff7d6384000 	C:\Rana durgi\Rana Eclipse\eclipse\eclipse.exe
0x00007ff872350000 - 0x00007ff872548000 	C:\WINDOWS\SYSTEM32\ntdll.dll
0x00007ff870700000 - 0x00007ff8707bf000 	C:\WINDOWS\System32\KERNEL32.DLL
0x00007ff86fe20000 - 0x00007ff8700f2000 	C:\WINDOWS\System32\KERNELBASE.dll
0x000000005b8d0000 - 0x000000005b965000 	C:\WINDOWS\System32\SYSFER.DLL
0x00007ff8703a0000 - 0x00007ff87044e000 	C:\WINDOWS\System32\ADVAPI32.dll
0x00007ff871570000 - 0x00007ff87160e000 	C:\WINDOWS\System32\msvcrt.dll
0x00007ff871360000 - 0x00007ff8713fc000 	C:\WINDOWS\System32\sechost.dll
0x00007ff871400000 - 0x00007ff871525000 	C:\WINDOWS\System32\RPCRT4.dll
0x00007ff872170000 - 0x00007ff87230d000 	C:\WINDOWS\System32\USER32.dll
0x00007ff86fb10000 - 0x00007ff86fb32000 	C:\WINDOWS\System32\win32u.dll
0x00007ff8710c0000 - 0x00007ff8710eb000 	C:\WINDOWS\System32\GDI32.dll
0x00007ff86fd10000 - 0x00007ff86fe1f000 	C:\WINDOWS\System32\gdi32full.dll
0x00007ff870100000 - 0x00007ff87019d000 	C:\WINDOWS\System32\msvcp_win.dll
0x00007ff8702a0000 - 0x00007ff8703a0000 	C:\WINDOWS\System32\ucrtbase.dll
0x00007ff858120000 - 0x00007ff8583ba000 	C:\WINDOWS\WinSxS\amd64_microsoft.windows.common-controls_6595b64144ccf1df_6.0.19041.1110_none_60b5254171f9507e\COMCTL32.dll
0x00007ff871530000 - 0x00007ff871562000 	C:\WINDOWS\System32\IMM32.DLL
0x00007ff8609f0000 - 0x00007ff860a2e000 	C:\Rana durgi\Rana Eclipse\eclipse\plugins\org.eclipse.equinox.launcher.win32.win32.x86_64_1.2.700.v20221108-1024\eclipse_11801.dll
0x00007ff8704b0000 - 0x00007ff8705da000 	C:\WINDOWS\System32\ole32.dll
0x00007ff871610000 - 0x00007ff871964000 	C:\WINDOWS\System32\combase.dll
0x00007ff86cbf0000 - 0x00007ff86cbfa000 	C:\WINDOWS\SYSTEM32\VERSION.dll
0x00007ff86c790000 - 0x00007ff86c82e000 	C:\WINDOWS\system32\uxtheme.dll
0x00007ff8710f0000 - 0x00007ff871205000 	C:\WINDOWS\System32\MSCTF.dll
0x00007ff870a70000 - 0x00007ff870b3d000 	C:\WINDOWS\System32\OLEAUT32.dll
0x00007ff86cb80000 - 0x00007ff86cb92000 	C:\WINDOWS\SYSTEM32\kernel.appcore.dll
0x00007ff86fa50000 - 0x00007ff86fad2000 	C:\WINDOWS\System32\bcryptPrimitives.dll
0x00007ff870b40000 - 0x00007ff870bef000 	C:\WINDOWS\System32\clbcatq.dll
0x00007ff86fae0000 - 0x00007ff86fb07000 	C:\WINDOWS\System32\bcrypt.dll
0x00007ff867580000 - 0x00007ff867679000 	C:\WINDOWS\SYSTEM32\textinputframework.dll
0x00007ff86bfc0000 - 0x00007ff86c31e000 	C:\WINDOWS\System32\CoreUIComponents.dll
0x00007ff871970000 - 0x00007ff871a1d000 	C:\WINDOWS\System32\SHCORE.dll
0x00007ff86c370000 - 0x00007ff86c462000 	C:\WINDOWS\System32\CoreMessaging.dll
0x00007ff871210000 - 0x00007ff87127b000 	C:\WINDOWS\System32\WS2_32.dll
0x00007ff86f5e0000 - 0x00007ff86f613000 	C:\WINDOWS\SYSTEM32\ntmarta.dll
0x00007ff86b8a0000 - 0x00007ff86b9f4000 	C:\WINDOWS\SYSTEM32\wintypes.dll
0x00007ff831230000 - 0x00007ff831e74000 	C:\Rana durgi\Rana Eclipse\eclipse\plugins\org.eclipse.justj.openjdk.hotspot.jre.full.win32.x86_64_17.0.5.v20221102-0933\jre\bin\server\jvm.dll
0x00007ff86efe0000 - 0x00007ff86efe9000 	C:\WINDOWS\SYSTEM32\WSOCK32.dll
0x00007ff85f4c0000 - 0x00007ff85f4e7000 	C:\WINDOWS\SYSTEM32\WINMM.dll
0x00007ff860020000 - 0x00007ff860037000 	C:\WINDOWS\SYSTEM32\VCRUNTIME140.dll
0x00007ff86ef00000 - 0x00007ff86ef0c000 	C:\WINDOWS\SYSTEM32\VCRUNTIME140_1.dll
0x00007ff86eeb0000 - 0x00007ff86eeba000 	C:\Rana durgi\Rana Eclipse\eclipse\plugins\org.eclipse.justj.openjdk.hotspot.jre.full.win32.x86_64_17.0.5.v20221102-0933\jre\bin\jimage.dll
0x00007ff86f1d0000 - 0x00007ff86f3b4000 	C:\WINDOWS\SYSTEM32\DBGHELP.DLL
0x00007ff86f1a0000 - 0x00007ff86f1cc000 	C:\WINDOWS\SYSTEM32\dbgcore.DLL
0x00007ff85fff0000 - 0x00007ff860015000 	C:\Rana durgi\Rana Eclipse\eclipse\plugins\org.eclipse.justj.openjdk.hotspot.jre.full.win32.x86_64_17.0.5.v20221102-0933\jre\bin\java.dll
0x00007ff85ffd0000 - 0x00007ff85ffe8000 	C:\Rana durgi\Rana Eclipse\eclipse\plugins\org.eclipse.justj.openjdk.hotspot.jre.full.win32.x86_64_17.0.5.v20221102-0933\jre\bin\zip.dll
0x00007ff871a20000 - 0x00007ff872163000 	C:\WINDOWS\System32\SHELL32.dll
0x00007ff86d4d0000 - 0x00007ff86dc62000 	C:\WINDOWS\SYSTEM32\windows.storage.dll
0x00007ff86ed50000 - 0x00007ff86ed80000 	C:\WINDOWS\SYSTEM32\Wldp.dll
0x00007ff871060000 - 0x00007ff8710b5000 	C:\WINDOWS\System32\shlwapi.dll
0x00007ff86f990000 - 0x00007ff86f9af000 	C:\WINDOWS\SYSTEM32\profapi.dll
0x00007ff85ffb0000 - 0x00007ff85ffc9000 	C:\Rana durgi\Rana Eclipse\eclipse\plugins\org.eclipse.justj.openjdk.hotspot.jre.full.win32.x86_64_17.0.5.v20221102-0933\jre\bin\net.dll
0x00007ff867a30000 - 0x00007ff867b3c000 	C:\WINDOWS\SYSTEM32\WINHTTP.dll
0x00007ff86ec20000 - 0x00007ff86ec8a000 	C:\WINDOWS\system32\mswsock.dll
0x00007ff85ff20000 - 0x00007ff85ff35000 	C:\Rana durgi\Rana Eclipse\eclipse\plugins\org.eclipse.justj.openjdk.hotspot.jre.full.win32.x86_64_17.0.5.v20221102-0933\jre\bin\nio.dll
0x00007ff86d290000 - 0x00007ff86d2a0000 	C:\Rana durgi\Rana Eclipse\eclipse\plugins\org.eclipse.justj.openjdk.hotspot.jre.full.win32.x86_64_17.0.5.v20221102-0933\jre\bin\verify.dll
0x00007ff850170000 - 0x00007ff850236000 	C:\Rana durgi\Rana Eclipse\eclipse\configuration\org.eclipse.osgi\339\0\.cp\swt-win32-4956r13.dll
0x00007ff8707e0000 - 0x00007ff8708ba000 	C:\WINDOWS\System32\COMDLG32.dll
0x00007ff86a3b0000 - 0x00007ff86a448000 	C:\WINDOWS\SYSTEM32\WINSPOOL.DRV
0x00007ff858a90000 - 0x00007ff858af6000 	C:\WINDOWS\SYSTEM32\OLEACC.dll
0x00007ff85fcf0000 - 0x00007ff85fd09000 	C:\WINDOWS\SYSTEM32\USP10.dll
0x00007ff85cb80000 - 0x00007ff85d059000 	C:\WINDOWS\SYSTEM32\WININET.dll
0x00007ff86a900000 - 0x00007ff86a9f6000 	C:\WINDOWS\SYSTEM32\PROPSYS.dll
0x00007ff860f40000 - 0x00007ff86112d000 	C:\WINDOWS\SYSTEM32\urlmon.dll
0x00007ff860400000 - 0x00007ff860407000 	C:\WINDOWS\SYSTEM32\MSIMG32.dll
0x00007ff86c9a0000 - 0x00007ff86c9cf000 	C:\WINDOWS\SYSTEM32\dwmapi.dll
0x00007ff861d10000 - 0x00007ff861fc1000 	C:\WINDOWS\SYSTEM32\iertutil.dll
0x00007ff860d70000 - 0x00007ff860d98000 	C:\WINDOWS\SYSTEM32\srvcli.dll
0x00007ff86e7e0000 - 0x00007ff86e7ec000 	C:\WINDOWS\SYSTEM32\netutils.dll
0x00007ff86fbb0000 - 0x00007ff86fd06000 	C:\WINDOWS\System32\CRYPT32.dll
0x00007ff8701a0000 - 0x00007ff8701ee000 	C:\WINDOWS\System32\cfgmgr32.dll
0x00007ff86f8a0000 - 0x00007ff86f8b2000 	C:\Windows\System32\UMPDC.dll
0x00007ff86e4c0000 - 0x00007ff86e54a000 	C:\Windows\System32\msvcp110_win.dll
0x00007ff86f700000 - 0x00007ff86f718000 	C:\WINDOWS\SYSTEM32\cryptsp.dll
0x00007ff85fbf0000 - 0x00007ff85fc18000 	C:\Rana durgi\Rana Eclipse\eclipse\configuration\org.eclipse.osgi\339\0\.cp\swt-gdip-win32-4956r13.dll
0x00007ff8530e0000 - 0x00007ff853285000 	C:\WINDOWS\WinSxS\amd64_microsoft.windows.gdiplus_6595b64144ccf1df_1.1.19041.2251_none_91a40448cc8846c1\gdiplus.dll
0x00007ff868620000 - 0x00007ff8687d4000 	C:\WINDOWS\SYSTEM32\WindowsCodecs.dll
0x00007ff860240000 - 0x00007ff8602ec000 	C:\WINDOWS\SYSTEM32\TextShaping.dll
0x00007ff86c630000 - 0x00007ff86c672000 	C:\WINDOWS\system32\mlang.dll
0x0000000180000000 - 0x0000000180012000 	C:\Rana durgi\Rana Eclipse\eclipse\configuration\org.eclipse.osgi\86\0\.cp\os\win32\x86_64\localfile_1_0_0.dll
0x00007ff865a80000 - 0x00007ff865a8e000 	C:\Rana durgi\Rana Eclipse\eclipse\plugins\org.eclipse.justj.openjdk.hotspot.jre.full.win32.x86_64_17.0.5.v20221102-0933\jre\bin\sunmscapi.dll
0x00007ff86edc0000 - 0x00007ff86ede7000 	C:\WINDOWS\SYSTEM32\ncrypt.dll
0x00007ff86ed80000 - 0x00007ff86edbb000 	C:\WINDOWS\SYSTEM32\NTASN1.dll
0x00007ff86e430000 - 0x00007ff86e464000 	C:\WINDOWS\system32\rsaenh.dll
0x00007ff86f950000 - 0x00007ff86f97e000 	C:\WINDOWS\SYSTEM32\USERENV.dll
0x00007ff86ed10000 - 0x00007ff86ed1c000 	C:\WINDOWS\SYSTEM32\CRYPTBASE.dll
0x00007ff86e7a0000 - 0x00007ff86e7db000 	C:\WINDOWS\SYSTEM32\IPHLPAPI.DLL
0x00007ff8707c0000 - 0x00007ff8707c8000 	C:\WINDOWS\System32\NSI.dll
0x00007ff868900000 - 0x00007ff868917000 	C:\WINDOWS\SYSTEM32\dhcpcsvc6.DLL
0x00007ff868e50000 - 0x00007ff868e6d000 	C:\WINDOWS\SYSTEM32\dhcpcsvc.DLL
0x00007ff86e7f0000 - 0x00007ff86e8ba000 	C:\WINDOWS\SYSTEM32\DNSAPI.dll
0x00007ff858d30000 - 0x00007ff858d6e000 	C:\WINDOWS\system32\dataexchange.dll
0x00007ff86aa90000 - 0x00007ff86acf3000 	C:\WINDOWS\system32\d3d11.dll
0x00007ff86ba00000 - 0x00007ff86bbe3000 	C:\WINDOWS\system32\dcomp.dll
0x00007ff86dcb0000 - 0x00007ff86dda3000 	C:\WINDOWS\system32\dxgi.dll
0x00007ff868b90000 - 0x00007ff868d90000 	C:\WINDOWS\system32\twinapi.appcore.dll
0x00007ff85fbb0000 - 0x00007ff85fbf0000 	C:\Users\RanadheerDurgi\AppData\Local\Temp\jna--1152135113\jna1807000672864483219.dll
0x00007ff8707d0000 - 0x00007ff8707d8000 	C:\WINDOWS\System32\PSAPI.DLL
0x00007ff8645e0000 - 0x00007ff86485f000 	C:\WINDOWS\SYSTEM32\DWrite.dll
0x00007ff8548c0000 - 0x00007ff854ae0000 	C:\WINDOWS\system32\explorerframe.dll
0x00007ff866f30000 - 0x00007ff866f3a000 	C:\Windows\System32\rasadhlp.dll
0x00007ff8676a0000 - 0x00007ff867720000 	C:\WINDOWS\System32\fwpuclnt.dll
0x00007ff85a820000 - 0x00007ff85a844000 	C:\WINDOWS\SYSTEM32\edputil.dll
0x00007ff857b90000 - 0x00007ff857bf6000 	C:\Windows\System32\thumbcache.dll
0x00007ff869b60000 - 0x00007ff869c00000 	C:\WINDOWS\SYSTEM32\policymanager.dll
0x00007ff86ecf0000 - 0x00007ff86ed09000 	C:\Windows\System32\WKSCLI.DLL
0x00007ff871280000 - 0x00007ff8712f9000 	C:\WINDOWS\System32\coml2.dll
0x00007ff86f7f0000 - 0x00007ff86f892000 	C:\WINDOWS\SYSTEM32\sxs.dll
0x00007ff863c30000 - 0x00007ff863c88000 	C:\WINDOWS\SYSTEM32\msIso.dll
0x00007ff82fbb0000 - 0x00007ff831226000 	C:\Windows\System32\mshtml.dll
0x00007ff86f910000 - 0x00007ff86f942000 	C:\Windows\System32\SspiCli.dll
0x00007ff86f8c0000 - 0x00007ff86f90b000 	C:\WINDOWS\SYSTEM32\powrprof.dll
0x00007ff85c3d0000 - 0x00007ff85c3fd000 	C:\Windows\System32\srpapi.dll
0x00007ff863b50000 - 0x00007ff863c30000 	C:\Windows\System32\ieapfltr.dll
0x00007ff82f6f0000 - 0x00007ff82fba3000 	C:\Windows\System32\jscript9.dll
0x00007ff85f5e0000 - 0x00007ff85f5f7000 	C:\WINDOWS\SYSTEM32\ondemandconnroutehelper.dll
0x00007ff869300000 - 0x00007ff86930b000 	C:\WINDOWS\SYSTEM32\WINNSI.DLL
0x00007ff834380000 - 0x00007ff834ae8000 	C:\Windows\System32\ieframe.dll
0x00007ff85fdd0000 - 0x00007ff85fde9000 	C:\Windows\System32\NETAPI32.dll
0x00007ff86cf00000 - 0x00007ff86cf12000 	C:\WINDOWS\system32\msimtf.dll
0x00007ff860350000 - 0x00007ff86035c000 	C:\WINDOWS\SYSTEM32\Secur32.dll
0x00007ff851480000 - 0x00007ff851775000 	C:\Windows\System32\uiautomationcore.dll
0x00007ff860f00000 - 0x00007ff860f13000 	C:\WINDOWS\SYSTEM32\virtdisk.dll
0x00007ff85e930000 - 0x00007ff85e93b000 	C:\WINDOWS\SYSTEM32\FLTLIB.DLL
0x00007ff86b160000 - 0x00007ff86b720000 	C:\Windows\System32\d2d1.dll
0x00007ff866630000 - 0x00007ff866d26000 	C:\WINDOWS\SYSTEM32\d3d10warp.dll
0x00007ff865a10000 - 0x00007ff865a4b000 	C:\WINDOWS\SYSTEM32\dxcore.dll

dbghelp: loaded successfully - version: 4.0.5 - missing functions: none
symbol engine: initialized successfully - sym options: 0x614 - pdb path: .;C:\Rana durgi\Rana Eclipse\eclipse;C:\WINDOWS\SYSTEM32;C:\WINDOWS\WinSxS\amd64_microsoft.windows.common-controls_6595b64144ccf1df_6.0.19041.1110_none_60b5254171f9507e;C:\Rana durgi\Rana Eclipse\eclipse\plugins\org.eclipse.equinox.launcher.win32.win32.x86_64_1.2.700.v20221108-1024;C:\Rana durgi\Rana Eclipse\eclipse\plugins\org.eclipse.justj.openjdk.hotspot.jre.full.win32.x86_64_17.0.5.v20221102-0933\jre\bin\server;C:\Rana durgi\Rana Eclipse\eclipse\plugins\org.eclipse.justj.openjdk.hotspot.jre.full.win32.x86_64_17.0.5.v20221102-0933\jre\bin;C:\Rana durgi\Rana Eclipse\eclipse\configuration\org.eclipse.osgi\339\0\.cp;C:\WINDOWS\WinSxS\amd64_microsoft.windows.gdiplus_6595b64144ccf1df_1.1.19041.2251_none_91a40448cc8846c1;C:\Rana durgi\Rana Eclipse\eclipse\configuration\org.eclipse.osgi\86\0\.cp\os\win32\x86_64;C:\Users\RanadheerDurgi\AppData\Local\Temp\jna--1152135113

VM Arguments:
jvm_args: -Dosgi.requiredJavaVersion=17 -Dosgi.instance.area.default=@user.home/eclipse-workspace -Dosgi.dataAreaRequiresExplicitInit=true -Dorg.eclipse.swt.graphics.Resource.reportNonDisposed=true -Xms256m -Xmx2048m -XX:+UseG1GC -XX:+UseStringDeduplication --add-modules=ALL-SYSTEM 
java_command: Eclipse
java_class_path (initial): C:\Rana durgi\Rana Eclipse\eclipse\\plugins/org.eclipse.equinox.launcher_1.6.400.v20210924-0641.jar
Launcher Type: generic

[Global flags]
     intx CICompilerCount                          = 3                                         {product} {ergonomic}
     uint ConcGCThreads                            = 1                                         {product} {ergonomic}
     uint G1ConcRefinementThreads                  = 4                                         {product} {ergonomic}
   size_t G1HeapRegionSize                         = 1048576                                   {product} {ergonomic}
    uintx GCDrainStackTargetSize                   = 64                                        {product} {ergonomic}
   size_t InitialHeapSize                          = 268435456                                 {product} {command line}
   size_t MarkStackSize                            = 4194304                                   {product} {ergonomic}
   size_t MaxHeapSize                              = 2147483648                                {product} {command line}
   size_t MaxNewSize                               = 1287651328                                {product} {ergonomic}
   size_t MinHeapDeltaBytes                        = 1048576                                   {product} {ergonomic}
   size_t MinHeapSize                              = 268435456                                 {product} {command line}
    uintx NonNMethodCodeHeapSize                   = 5832780                                {pd product} {ergonomic}
    uintx NonProfiledCodeHeapSize                  = 122912730                              {pd product} {ergonomic}
    uintx ProfiledCodeHeapSize                     = 122912730                              {pd product} {ergonomic}
    uintx ReservedCodeCacheSize                    = 251658240                              {pd product} {ergonomic}
     bool SegmentedCodeCache                       = true                                      {product} {ergonomic}
   size_t SoftMaxHeapSize                          = 2147483648                             {manageable} {ergonomic}
     bool UseCompressedClassPointers               = true                           {product lp64_product} {ergonomic}
     bool UseCompressedOops                        = true                           {product lp64_product} {ergonomic}
     bool UseG1GC                                  = true                                      {product} {command line}
     bool UseLargePagesIndividualAllocation        = false                                  {pd product} {ergonomic}
     bool UseStringDeduplication                   = true                                      {product} {command line}

Logging:
Log output configuration:
 #0: stdout all=warning uptime,level,tags
 #1: stderr all=off uptime,level,tags

Environment Variables:
JAVA_HOME=C:\Program Files\RedHat\java-11-openjdk-11.0.2-2\
PATH=C:\WINDOWS\system32;C:\WINDOWS;C:\WINDOWS\System32\Wbem;C:\WINDOWS\System32\WindowsPowerShell\v1.0\;C:\WINDOWS\System32\OpenSSH\;C:\Program Files\RedHat\java-11-openjdk-11.0.2-2\bin;C:\Program Files\Git\cmd;C:\Users\RanadheerDurgi\AppData\Local\Microsoft\WindowsApps;C:\Users\RanadheerDurgi\AppData\Local\Programs\Git\cmd
USERNAME=RanadheerDurgi
OS=Windows_NT
PROCESSOR_IDENTIFIER=Intel64 Family 6 Model 60 Stepping 3, GenuineIntel
TMP=C:\Users\RANADH~1\AppData\Local\Temp
TEMP=C:\Users\RANADH~1\AppData\Local\Temp



---------------  S Y S T E M  ---------------

OS:
 Windows 10 , 64 bit Build 19041 (10.0.19041.2251)
OS uptime: 3 days 21:00 hours

CPU: total 4 (initial active 4) (4 cores per cpu, 1 threads per core) family 6 model 60 stepping 3 microcode 0x27, cx8, cmov, fxsr, mmx, sse, sse2, sse3, ssse3, sse4.1, sse4.2, popcnt, lzcnt, tsc, tscinvbit, avx, avx2, aes, erms, clmul, bmi1, bmi2, fma, vzeroupper, clflush

Memory: 4k page, system-wide physical 8092M (3143M free)
TotalPageFile size 10194M (AvailPageFile size 4502M)
current process WorkingSet (physical memory assigned to process): 619M, peak: 632M
current process commit charge ("private bytes"): 622M, peak: 635M

vm_info: OpenJDK 64-Bit Server VM (17.0.5+8) for windows-amd64 JRE (17.0.5+8), built on Oct 19 2022 04:48:13 by "temurin" with MS VC++ 16.7 (VS2019)

END.
